[    0.000000] Initializing cgroup subsys cpuset
[    0.000000] Initializing cgroup subsys cpu
[    0.000000] Initializing cgroup subsys cpuacct
[    0.000000] Linux version 4.4.0-101-generic (buildd@lcy01-amd64-006) (gcc version 5.4.0 20160609 (Ubuntu 5.4.0-6ubuntu1~16.04.5) ) #124-Ubuntu SMP Fri Nov 10 18:29:59 UTC 2017 (Ubuntu 4.4.0-101.124-generic 4.4.95)
[    0.000000] Command line: BOOT_IMAGE=/boot/vmlinuz-4.4.0-101-generic root=LABEL=cloudimg-rootfs ro console=tty1 console=ttyS0
[    0.000000] KERNEL supported cpus:
[    0.000000]   Intel GenuineIntel
[    0.000000]   AMD AuthenticAMD
[    0.000000]   Centaur CentaurHauls
[    0.000000] ------------[ cut here ]------------
[    0.000000] WARNING: CPU: 0 PID: 0 at /build/linux-FmWmUC/linux-4.4.0/arch/x86/kernel/fpu/xstate.c:517 fpu__init_system_xstate+0x38b/0x75a()
[    0.000000] XSAVE consistency problem, dumping leaves
[    0.000000] Modules linked in:
[    0.000000] CPU: 0 PID: 0 Comm: swapper Not tainted 4.4.0-101-generic #124-Ubuntu
[    0.000000]  0000000000000086 533e8fa06445de1f ffffffff81e03d80 ffffffff813fb4d3
[    0.000000]  ffffffff81e03dc8 ffffffff81caa910 ffffffff81e03db8 ffffffff810812e2
[    0.000000]  ffffffff81e03e48 ffffffff81e03e4c 0000000000000008 0000000000000100
[    0.000000] Call Trace:
[    0.000000]  [<ffffffff813fb4d3>] dump_stack+0x63/0x90
[    0.000000]  [<ffffffff810812e2>] warn_slowpath_common+0x82/0xc0
[    0.000000]  [<ffffffff8108137c>] warn_slowpath_fmt+0x5c/0x80
[    0.000000]  [<ffffffff8107cff0>] ? xfeature_size+0x59/0x77
[    0.000000]  [<ffffffff81f6e20b>] fpu__init_system_xstate+0x38b/0x75a
[    0.000000]  [<ffffffff81f5e120>] ? early_idt_handler_array+0x120/0x120
[    0.000000]  [<ffffffff81f6db76>] fpu__init_system+0x10d/0x245
[    0.000000]  [<ffffffff81f6ec7f>] early_cpu_init+0x139/0x13e
[    0.000000]  [<ffffffff81f6ec7f>] ? early_cpu_init+0x139/0x13e
[    0.000000]  [<ffffffff81f6a181>] setup_arch+0xb4/0xcf6
[    0.000000]  [<ffffffff81f5e120>] ? early_idt_handler_array+0x120/0x120
[    0.000000]  [<ffffffff81f5ec74>] start_kernel+0xe4/0x4a2
[    0.000000]  [<ffffffff81f5e120>] ? early_idt_handler_array+0x120/0x120
[    0.000000]  [<ffffffff81f5e339>] x86_64_start_reservations+0x2a/0x2c
[    0.000000]  [<ffffffff81f5e485>] x86_64_start_kernel+0x14a/0x16d
[    0.000000] ---[ end trace 4d5ff9f2f68c4233 ]---
[    0.000000] CPUID[0d, 00]: eax=00000007 ebx=00000440 ecx=00000440 edx=00000000
[    0.000000] CPUID[0d, 01]: eax=00000000 ebx=000003c0 ecx=00000000 edx=00000000
[    0.000000] CPUID[0d, 02]: eax=00000100 ebx=00000240 ecx=00000000 edx=00000000
[    0.000000] CPUID[0d, 03]: eax=00000000 ebx=00000000 ecx=00000000 edx=00000000
[    0.000000] CPUID[0d, 04]: eax=00000000 ebx=00000000 ecx=00000000 edx=00000000
[    0.000000] CPUID[0d, 05]: eax=00000000 ebx=00000000 ecx=00000000 edx=00000000
[    0.000000] CPUID[0d, 06]: eax=00000000 ebx=00000000 ecx=00000000 edx=00000000
[    0.000000] CPUID[0d, 07]: eax=00000000 ebx=00000000 ecx=00000000 edx=00000000
[    0.000000] CPUID[0d, 08]: eax=00000000 ebx=00000000 ecx=00000000 edx=00000000
[    0.000000] CPUID[0d, 09]: eax=00000000 ebx=00000000 ecx=00000000 edx=00000000
[    0.000000] CPUID[0d, 0a]: eax=00000000 ebx=00000000 ecx=00000000 edx=00000000
[    0.000000] CPUID[0d, 0b]: eax=00000000 ebx=00000000 ecx=00000000 edx=00000000
[    0.000000] CPUID[0d, 0c]: eax=00000000 ebx=00000000 ecx=00000000 edx=00000000
[    0.000000] CPUID[0d, 0d]: eax=00000000 ebx=00000000 ecx=00000000 edx=00000000
[    0.000000] CPUID[0d, 0e]: eax=00000000 ebx=00000000 ecx=00000000 edx=00000000
[    0.000000] CPUID[0d, 0f]: eax=00000000 ebx=00000000 ecx=00000000 edx=00000000
[    0.000000] CPUID[0d, 10]: eax=00000000 ebx=00000000 ecx=00000000 edx=00000000
[    0.000000] CPUID[0d, 11]: eax=00000000 ebx=00000000 ecx=00000000 edx=00000000
[    0.000000] x86/fpu: xstate_offset[2]:  576, xstate_sizes[2]:  256
[    0.000000] x86/fpu: Supporting XSAVE feature 0x01: 'x87 floating point registers'
[    0.000000] x86/fpu: Supporting XSAVE feature 0x02: 'SSE registers'
[    0.000000] x86/fpu: Supporting XSAVE feature 0x04: 'AVX registers'
[    0.000000] x86/fpu: Enabled xstate features 0x7, context size is 1088 bytes, using 'standard' format.
[    0.000000] x86/fpu: Using 'lazy' FPU context switches.
[    0.000000] e820: BIOS-provided physical RAM map:
[    0.000000] BIOS-e820: [mem 0x0000000000000000-0x000000000009fbff] usable
[    0.000000] BIOS-e820: [mem 0x000000000009fc00-0x000000000009ffff] reserved
[    0.000000] BIOS-e820: [mem 0x00000000000f0000-0x00000000000fffff] reserved
[    0.000000] BIOS-e820: [mem 0x0000000000100000-0x000000003ffeffff] usable
[    0.000000] BIOS-e820: [mem 0x000000003fff0000-0x000000003fffffff] ACPI data
[    0.000000] BIOS-e820: [mem 0x00000000fec00000-0x00000000fec00fff] reserved
[    0.000000] BIOS-e820: [mem 0x00000000fee00000-0x00000000fee00fff] reserved
[    0.000000] BIOS-e820: [mem 0x00000000fffc0000-0x00000000ffffffff] reserved
[    0.000000] NX (Execute Disable) protection: active
[    0.000000] SMBIOS 2.5 present.
[    0.000000] Hypervisor detected: KVM
[    0.000000] e820: last_pfn = 0x3fff0 max_arch_pfn = 0x400000000
[    0.000000] MTRR: Disabled
[    0.000000] x86/PAT: MTRRs disabled, skipping PAT initialization too.
[    0.000000] CPU MTRRs all blank - virtualized system.
[    0.000000] x86/PAT: Configuration [0-7]: WB  WT  UC- UC  WB  WT  UC- UC  
[    0.000000] found SMP MP-table at [mem 0x0009fff0-0x0009ffff] mapped at [ffff88000009fff0]
[    0.000000] Scanning 1 areas for low memory corruption
[    0.000000] RAMDISK: [mem 0x36abc000-0x37555fff]
[    0.000000] ACPI: Early table checksum verification disabled
[    0.000000] ACPI: RSDP 0x00000000000E0000 000024 (v02 VBOX  )
[    0.000000] ACPI: XSDT 0x000000003FFF0030 00003C (v01 VBOX   VBOXXSDT 00000001 ASL  00000061)
[    0.000000] ACPI: FACP 0x000000003FFF00F0 0000F4 (v04 VBOX   VBOXFACP 00000001 ASL  00000061)
[    0.000000] ACPI: DSDT 0x000000003FFF0470 0021FF (v02 VBOX   VBOXBIOS 00000002 INTL 20100528)
[    0.000000] ACPI: FACS 0x000000003FFF0200 000040
[    0.000000] ACPI: FACS 0x000000003FFF0200 000040
[    0.000000] ACPI: APIC 0x000000003FFF0240 00005C (v02 VBOX   VBOXAPIC 00000001 ASL  00000061)
[    0.000000] ACPI: SSDT 0x000000003FFF02A0 0001CC (v01 VBOX   VBOXCPUT 00000002 INTL 20100528)
[    0.000000] No NUMA configuration found
[    0.000000] Faking a node at [mem 0x0000000000000000-0x000000003ffeffff]
[    0.000000] NODE_DATA(0) allocated [mem 0x3ffeb000-0x3ffeffff]
[    0.000000] kvm-clock: Using msrs 4b564d01 and 4b564d00
[    0.000000] kvm-clock: cpu 0, msr 0:3ffe3001, primary cpu clock
[    0.000000] kvm-clock: using sched offset of 2977975003 cycles
[    0.000000] clocksource: kvm-clock: mask: 0xffffffffffffffff max_cycles: 0x1cd42e4dffb, max_idle_ns: 881590591483 ns
[    0.000000] Zone ranges:
[    0.000000]   DMA      [mem 0x0000000000001000-0x0000000000ffffff]
[    0.000000]   DMA32    [mem 0x0000000001000000-0x000000003ffeffff]
[    0.000000]   Normal   empty
[    0.000000]   Device   empty
[    0.000000] Movable zone start for each node
[    0.000000] Early memory node ranges
[    0.000000]   node   0: [mem 0x0000000000001000-0x000000000009efff]
[    0.000000]   node   0: [mem 0x0000000000100000-0x000000003ffeffff]
[    0.000000] Initmem setup node 0 [mem 0x0000000000001000-0x000000003ffeffff]
[    0.000000] ACPI: PM-Timer IO Port: 0x4008
[    0.000000] IOAPIC[0]: apic_id 2, version 32, address 0xfec00000, GSI 0-23
[    0.000000] ACPI: INT_SRC_OVR (bus 0 bus_irq 0 global_irq 2 dfl dfl)
[    0.000000] ACPI: INT_SRC_OVR (bus 0 bus_irq 9 global_irq 9 high level)
[    0.000000] Using ACPI (MADT) for SMP configuration information
[    0.000000] smpboot: Allowing 2 CPUs, 0 hotplug CPUs
[    0.000000] PM: Registered nosave memory: [mem 0x00000000-0x00000fff]
[    0.000000] PM: Registered nosave memory: [mem 0x0009f000-0x0009ffff]
[    0.000000] PM: Registered nosave memory: [mem 0x000a0000-0x000effff]
[    0.000000] PM: Registered nosave memory: [mem 0x000f0000-0x000fffff]
[    0.000000] e820: [mem 0x40000000-0xfebfffff] available for PCI devices
[    0.000000] Booting paravirtualized kernel on KVM
[    0.000000] clocksource: refined-jiffies: mask: 0xffffffff max_cycles: 0xffffffff, max_idle_ns: 7645519600211568 ns
[    0.000000] setup_percpu: NR_CPUS:512 nr_cpumask_bits:512 nr_cpu_ids:2 nr_node_ids:1
[    0.000000] PERCPU: Embedded 34 pages/cpu @ffff88003fc00000 s98328 r8192 d32744 u1048576
[    0.000000] PV qspinlock hash table entries: 256 (order: 0, 4096 bytes)
[    0.000000] Built 1 zonelists in Node order, mobility grouping on.  Total pages: 257913
[    0.000000] Policy zone: DMA32
[    0.000000] Kernel command line: BOOT_IMAGE=/boot/vmlinuz-4.4.0-101-generic root=LABEL=cloudimg-rootfs ro console=tty1 console=ttyS0
[    0.000000] PID hash table entries: 4096 (order: 3, 32768 bytes)
[    0.000000] Memory: 1001708K/1048120K available (8484K kernel code, 1294K rwdata, 3988K rodata, 1492K init, 1316K bss, 46412K reserved, 0K cma-reserved)
[    0.000000] SLUB: HWalign=64, Order=0-3, MinObjects=0, CPUs=2, Nodes=1
[    0.000000] Hierarchical RCU implementation.
[    0.000000] 	Build-time adjustment of leaf fanout to 64.
[    0.000000] 	RCU restricting CPUs from NR_CPUS=512 to nr_cpu_ids=2.
[    0.000000] RCU: Adjusting geometry for rcu_fanout_leaf=64, nr_cpu_ids=2
[    0.000000] NR_IRQS:33024 nr_irqs:440 16
[    0.000000] Console: colour VGA+ 80x25
[    0.000000] console [tty1] enabled
[    0.000000] console [ttyS0] enabled
[    0.000000] tsc: Detected 2208.006 MHz processor
[    5.161579] Calibrating delay loop (skipped) preset value.. 4416.01 BogoMIPS (lpj=8832024)
[    5.163165] pid_max: default: 32768 minimum: 301
[    5.164046] ACPI: Core revision 20150930
[    5.165661] ACPI: 2 ACPI AML tables successfully acquired and loaded
[    5.173422] Security Framework initialized
[    5.174237] Yama: becoming mindful.
[    5.174988] AppArmor: AppArmor initialized
[    5.175885] Dentry cache hash table entries: 131072 (order: 8, 1048576 bytes)
[    5.177215] Inode-cache hash table entries: 65536 (order: 7, 524288 bytes)
[    5.178808] Mount-cache hash table entries: 2048 (order: 2, 16384 bytes)
[    5.260776] Mountpoint-cache hash table entries: 2048 (order: 2, 16384 bytes)
[    5.339845] Initializing cgroup subsys io
[    5.402955] Initializing cgroup subsys memory
[    5.473169] Initializing cgroup subsys devices
[    5.570204] Initializing cgroup subsys freezer
[    5.668378] Initializing cgroup subsys net_cls
[    5.770596] Initializing cgroup subsys perf_event
[    5.852267] Initializing cgroup subsys net_prio
[    5.943342] Initializing cgroup subsys hugetlb
[    6.010706] Initializing cgroup subsys pids
[    6.058087] CPU: Physical Processor ID: 0
[    6.098171] CPU: Processor Core ID: 0
[    6.139394] mce: CPU supports 0 MCE banks
[    6.180689] Last level iTLB entries: 4KB 64, 2MB 8, 4MB 8
[    6.249901] Last level dTLB entries: 4KB 64, 2MB 0, 4MB 0, 1GB 4
[    6.331391] Freeing SMP alternatives memory: 32K
[    6.407963] ftrace: allocating 32156 entries in 126 pages
[    6.526318] smpboot: APIC(0) Converting physical 0 to logical package 0
[    6.613769] smpboot: Max logical packages: 1
[    6.709135] x2apic enabled
[    6.773575] Switched APIC routing to physical x2apic.
[    6.907025] ..TIMER: vector=0x30 apic1=0 pin1=2 apic2=-1 pin2=-1
[    7.172716] smpboot: CPU0: Intel(R) Core(TM) i5-7260U CPU @ 2.20GHz (family: 0x6, model: 0x8e, stepping: 0x9)
[    7.386036] Performance Events: unsupported p6 CPU model 142 no PMU driver, software events only.
[    7.612371] KVM setup paravirtual spinlock
[    7.689634] x86: Booting SMP configuration:
[    7.725149] .... node  #0, CPUs:      #1
[    7.739519] kvm-clock: cpu 1, msr 0:3ffe3041, secondary cpu clock
[    7.742779] mce: CPU supports 0 MCE banks
[    7.746788] x86: Booted up 1 node, 2 CPUs
[    7.786312] smpboot: Total of 2 processors activated (8832.02 BogoMIPS)
[    7.915942] devtmpfs: initialized
[    7.965516] evm: security.selinux
[    8.006945] evm: security.SMACK64
[    8.054493] evm: security.SMACK64EXEC
[    8.120175] evm: security.SMACK64TRANSMUTE
[    8.136294] evm: security.SMACK64MMAP
[    8.221145] evm: security.ima
[    8.275964] evm: security.capability
[    8.347894] clocksource: jiffies: mask: 0xffffffff max_cycles: 0xffffffff, max_idle_ns: 7645041785100000 ns
[    8.457376] futex hash table entries: 512 (order: 3, 32768 bytes)
[    8.573031] pinctrl core: initialized pinctrl subsystem
[    8.652010] RTC time:  9:52:00, date: 12/05/17
[    8.690281] NET: Registered protocol family 16
[    8.736885] cpuidle: using governor ladder
[    8.784726] cpuidle: using governor menu
[    8.841591] PCCT header not found.
[    8.890672] ACPI: bus type PCI registered
[    8.944404] acpiphp: ACPI Hot Plug PCI Controller Driver version: 0.5
[    9.075896] PCI: Using configuration type 1 for base access
[    9.205480] ACPI: Added _OSI(Module Device)
[    9.257105] ACPI: Added _OSI(Processor Device)
[    9.300702] ACPI: Added _OSI(3.0 _SCP Extensions)
[    9.344258] ACPI: Added _OSI(Processor Aggregator Device)
[    9.381326] ACPI: Executed 1 blocks of module-level executable AML code
[    9.432898] ACPI: Interpreter enabled
[    9.469447] ACPI: (supports S0 S5)
[    9.489461] ACPI: Using IOAPIC for interrupt routing
[    9.505438] PCI: Using host bridge windows from ACPI; if necessary, use "pci=nocrs" and report a bug
[    9.588931] ACPI: PCI Root Bridge [PCI0] (domain 0000 [bus 00-ff])
[    9.643205] acpi PNP0A03:00: _OSC: OS supports [ASPM ClockPM Segments MSI]
[    9.736510] acpi PNP0A03:00: _OSC: not requesting OS control; OS requires [ExtendedConfig ASPM ClockPM MSI]
[    9.847714] acpi PNP0A03:00: fail to add MMCONFIG information, can't access extended PCI configuration space under this bridge.
[    9.965775] PCI host bridge to bus 0000:00
[   10.007806] pci_bus 0000:00: root bus resource [io  0x0000-0x0cf7 window]
[   10.099144] pci_bus 0000:00: root bus resource [io  0x0d00-0xffff window]
[   10.208411] pci_bus 0000:00: root bus resource [mem 0x000a0000-0x000bffff window]
[   10.355584] pci_bus 0000:00: root bus resource [mem 0x40000000-0xffdfffff window]
[   10.475274] pci_bus 0000:00: root bus resource [bus 00-ff]
[   10.559144] pci 0000:00:01.1: legacy IDE quirk: reg 0x10: [io  0x01f0-0x01f7]
[   10.669443] pci 0000:00:01.1: legacy IDE quirk: reg 0x14: [io  0x03f6]
[   10.778991] pci 0000:00:01.1: legacy IDE quirk: reg 0x18: [io  0x0170-0x0177]
[   10.928462] pci 0000:00:01.1: legacy IDE quirk: reg 0x1c: [io  0x0376]
[   11.004165] pci 0000:00:07.0: quirk: [io  0x4000-0x403f] claimed by PIIX4 ACPI
[   11.175661] pci 0000:00:07.0: quirk: [io  0x4100-0x410f] claimed by PIIX4 SMB
[   11.263951] ACPI: PCI Interrupt Link [LNKA] (IRQs 5 9 10 *11)
[   11.306463] ACPI: PCI Interrupt Link [LNKB] (IRQs 5 9 10 *11)
[   11.360622] ACPI: PCI Interrupt Link [LNKC] (IRQs 5 9 *10 11)
[   11.419431] ACPI: PCI Interrupt Link [LNKD] (IRQs 5 *9 10 11)
[   11.515595] ACPI: Enabled 2 GPEs in block 00 to 07
[   11.522308] vgaarb: setting as boot device: PCI:0000:00:02.0
[   11.549620] vgaarb: device added: PCI:0000:00:02.0,decodes=io+mem,owns=io+mem,locks=none
[   11.629140] vgaarb: loaded
[   11.649750] vgaarb: bridge control possible 0000:00:02.0
[   11.767629] SCSI subsystem initialized
[   11.802184] ACPI: bus type USB registered
[   11.873691] usbcore: registered new interface driver usbfs
[   11.919916] usbcore: registered new interface driver hub
[   11.997377] usbcore: registered new device driver usb
[   12.080191] PCI: Using ACPI for IRQ routing
[   12.106455] NetLabel: Initializing
[   12.121284] NetLabel:  domain hash size = 128
[   12.123395] NetLabel:  protocols = UNLABELED CIPSOv4
[   12.181430] NetLabel:  unlabeled traffic allowed by default
[   12.275586] amd_nb: Cannot enumerate AMD northbridges
[   12.369504] clocksource: Switched to clocksource kvm-clock
[   12.450094] AppArmor: AppArmor Filesystem Enabled
[   12.574976] pnp: PnP ACPI init
[   12.620005] pnp: PnP ACPI: found 3 devices
[   12.712593] clocksource: acpi_pm: mask: 0xffffff max_cycles: 0xffffff, max_idle_ns: 2085701024 ns
[   12.951575] NET: Registered protocol family 2
[   13.053563] TCP established hash table entries: 8192 (order: 4, 65536 bytes)
[   13.216967] TCP bind hash table entries: 8192 (order: 5, 131072 bytes)
[   13.330510] TCP: Hash tables configured (established 8192 bind 8192)
[   13.450444] UDP hash table entries: 512 (order: 2, 16384 bytes)
[   13.456831] UDP-Lite hash table entries: 512 (order: 2, 16384 bytes)
[   13.570522] NET: Registered protocol family 1
[   13.651338] pci 0000:00:00.0: Limiting direct PCI/PCI transfers
[   13.759367] pci 0000:00:01.0: Activating ISA DMA hang workarounds
[   13.760990] Unpacking initramfs...
[   15.310438] Freeing initrd memory: 10856K
[   15.352553] platform rtc_cmos: registered platform RTC device (no PNP device found)
[   15.549591] Scanning for low memory corruption every 60 seconds
[   15.702026] audit: initializing netlink subsys (disabled)
[   15.751568] audit: type=2000 audit(1512467519.905:1): initialized
[   15.800789] Initialise system trusted keyring
[   15.834587] HugeTLB registered 2 MB page size, pre-allocated 0 pages
[   15.911146] zbud: loaded
[   15.959518] VFS: Disk quotas dquot_6.6.0
[   16.038677] VFS: Dquot-cache hash table entries: 512 (order 0, 4096 bytes)
[   16.106454] squashfs: version 4.0 (2009/01/31) Phillip Lougher
[   16.222431] fuse init (API version 7.23)
[   16.301889] Key type big_key registered
[   16.371476] tsc: Refined TSC clocksource calibration: 2208.413 MHz
[   16.468526] clocksource: tsc: mask: 0xffffffffffffffff max_cycles: 0x1fd53e2e194, max_idle_ns: 440795220920 ns
[   16.468604] Allocating IMA MOK and blacklist keyrings.
[   16.663699] Key type asymmetric registered
[   16.663709] Asymmetric key parser 'x509' registered
[   16.663765] Block layer SCSI generic (bsg) driver version 0.4 loaded (major 249)
[   16.663834] io scheduler noop registered
[   16.663836] io scheduler deadline registered (default)
[   16.663871] io scheduler cfq registered
[   16.663970] pci_hotplug: PCI Hot Plug PCI Core version: 0.5
[   16.663975] pciehp: PCI Express Hot Plug Controller Driver version: 0.4
[   16.664080] ACPI: AC Adapter [AC] (on-line)
[   16.664119] input: Power Button as /devices/LNXSYSTM:00/LNXPWRBN:00/input/input0
[   16.664121] ACPI: Power Button [PWRF]
[   16.664164] input: Sleep Button as /devices/LNXSYSTM:00/LNXSLPBN:00/input/input1
[   16.664165] ACPI: Sleep Button [SLPF]
[   16.664262] GHES: HEST is not enabled!
[   16.664344] Serial: 8250/16550 driver, 32 ports, IRQ sharing enabled
[   16.810701] 00:02: ttyS0 at I/O 0x3f8 (irq = 4, base_baud = 115200) is a 16550A
[   16.926775] Linux agpgart interface v0.103
[   17.003192] loop: module loaded
[   17.003733] scsi host0: ata_piix
[   17.003795] scsi host1: ata_piix
[   17.003830] ata1: PATA max UDMA/33 cmd 0x1f0 ctl 0x3f6 bmdma 0xd000 irq 14
[   17.003831] ata2: PATA max UDMA/33 cmd 0x170 ctl 0x376 bmdma 0xd008 irq 15
[   17.003916] libphy: Fixed MDIO Bus: probed
[   17.003919] tun: Universal TUN/TAP device driver, 1.6
[   17.003919] tun: (C) 1999-2004 Max Krasnyansky <maxk@qualcomm.com>
[   17.004173] PPP generic driver version 2.4.2
[   17.004220] ehci_hcd: USB 2.0 'Enhanced' Host Controller (EHCI) Driver
[   17.004223] ehci-pci: EHCI PCI platform driver
[   17.004236] ehci-platform: EHCI generic platform driver
[   17.004242] ohci_hcd: USB 1.1 'Open' Host Controller (OHCI) Driver
[   17.004246] ohci-pci: OHCI PCI platform driver
[   17.004253] ohci-platform: OHCI generic platform driver
[   17.004259] uhci_hcd: USB Universal Host Controller Interface driver
[   17.004301] i8042: PNP: PS/2 Controller [PNP0303:PS2K,PNP0f03:PS2M] at 0x60,0x64 irq 1,12
[   17.189343] serio: i8042 KBD port at 0x60,0x64 irq 1
[   17.189348] serio: i8042 AUX port at 0x60,0x64 irq 12
[   17.189478] mousedev: PS/2 mouse device common for all mice
[   17.189833] rtc_cmos rtc_cmos: rtc core: registered rtc_cmos as rtc0
[   17.189885] rtc_cmos rtc_cmos: alarms up to one day, 114 bytes nvram
[   17.189891] i2c /dev entries driver
[   17.189945] device-mapper: uevent: version 1.0.3
[   17.190007] device-mapper: ioctl: 4.34.0-ioctl (2015-10-28) initialised: dm-devel@redhat.com
[   17.190022] ledtrig-cpu: registered to indicate activity on CPUs
[   17.190953] NET: Registered protocol family 10
[   17.191099] NET: Registered protocol family 17
[   17.191108] Key type dns_resolver registered
[   17.245629] microcode: CPU0 sig=0x806e9, pf=0x8, revision=0x0
[   17.245710] microcode: CPU1 sig=0x806e9, pf=0x8, revision=0x0
[   17.245758] microcode: Microcode Update Driver: v2.01 <tigran@aivazian.fsnet.co.uk>, Peter Oruba
[   17.245864] registered taskstats version 1
[   17.245878] Loading compiled-in X.509 certificates
[   17.246378] Loaded X.509 cert 'Build time autogenerated kernel key: f91c6829a34a801956ec6287af569c0a1f1f8d39'
[   17.246393] zswap: loaded using pool lzo/zbud
[   17.247436] Key type trusted registered
[   17.249367] Key type encrypted registered
[   17.249374] AppArmor: AppArmor sha1 policy hashing enabled
[   17.249387] ima: No TPM chip found, activating TPM-bypass!
[   17.249428] evm: HMAC attrs: 0x1
[   17.249760]   Magic number: 13:703:878
[   17.577933] rtc_cmos rtc_cmos: setting system clock to 2017-12-05 09:52:09 UTC (1512467529)
[   17.578085] BIOS EDD facility v0.16 2004-Jun-25, 0 devices found
[   17.578085] EDD information not available.
[   18.111514] input: AT Translated Set 2 keyboard as /devices/platform/i8042/serio0/input/input2
[   21.773732] Freeing unused kernel memory: 1492K
[   21.970140] Write protecting the kernel read-only data: 14336k
[   22.030927] Freeing unused kernel memory: 1744K
[   22.051006] Freeing unused kernel memory: 108K
Loading, please wait...
[   22.271839] random: systemd-udevd: uninitialized urandom read (16 bytes read, 7 bits of entropy available)
starting version[   22.272323] random: udevadm: uninitialized urandom read (16 bytes read, 7 bits of entropy available)
 229
[   22.272335] random: udevadm: uninitialized urandom read (16 bytes read, 7 bits of entropy available)
[   22.277727] random: udevadm: uninitialized urandom read (16 bytes read, 7 bits of entropy available)
[   22.277762] random: udevadm: uninitialized urandom read (16 bytes read, 7 bits of entropy available)
[   22.277884] random: udevadm: uninitialized urandom read (16 bytes read, 7 bits of entropy available)
[   22.277935] random: udevadm: uninitialized urandom read (16 bytes read, 7 bits of entropy available)
[   22.277986] random: udevadm: uninitialized urandom read (16 bytes read, 7 bits of entropy available)
[   22.278044] random: udevadm: uninitialized urandom read (16 bytes read, 7 bits of entropy available)
[   22.278093] random: udevadm: uninitialized urandom read (16 bytes read, 7 bits of entropy available)
[   25.508567] e1000: Intel(R) PRO/1000 Network Driver - version 7.3.21-k8-NAPI
[   25.543542] e1000: Copyright (c) 1999-2006 Intel Corporation.
[   25.550312] Fusion MPT base driver 3.04.20
[   25.690091] Copyright (c) 1999-2008 LSI Corporation
[   25.829024] AVX version of gcm_enc/dec engaged.
[   25.993148] AES CTR mode by8 optimization enabled
[   26.050138] input: ImExPS/2 Generic Explorer Mouse as /devices/platform/i8042/serio1/input/input4
[   26.060152] Fusion MPT SPI Host driver 3.04.20
[   26.361093] e1000 0000:00:03.0 eth0: (PCI:33MHz:32-bit) 02:44:03:e3:22:ab
[   26.391489] e1000 0000:00:03.0 eth0: Intel(R) PRO/1000 Network Connection
[   26.748674] e1000 0000:00:08.0 eth1: (PCI:33MHz:32-bit) 08:00:27:70:52:e3
[   26.859039] e1000 0000:00:08.0 eth1: Intel(R) PRO/1000 Network Connection
[   26.955240] mptbase: ioc0: Initiating bringup
[   26.955647] e1000 0000:00:08.0 enp0s8: renamed from eth1
[   26.973198] e1000 0000:00:03.0 enp0s3: renamed from eth0
[   27.170136] ioc0: LSI53C1030 A0: Capabilities={Initiator}
[   27.480606] scsi host2: ioc0: LSI53C1030 A0, FwRev=00000000h, Ports=1, MaxQ=256, IRQ=20
[   27.605960] scsi 2:0:0:0: Direct-Access     VBOX     HARDDISK         1.0  PQ: 0 ANSI: 5
[   28.080363] scsi target2:0:0: Beginning Domain Validation
[   28.351249] scsi target2:0:0: Domain Validation skipping write tests
[   28.669871] scsi target2:0:0: Ending Domain Validation
[   28.770282] scsi target2:0:0: asynchronous
[   28.960522] scsi 2:0:1:0: Direct-Access     VBOX     HARDDISK         1.0  PQ: 0 ANSI: 5
[   28.963721] scsi target2:0:1: Beginning Domain Validation
[   29.180313] floppy0: no floppy controllers found
[   29.549036] work still pending
[   29.549710] scsi target2:0:1: Domain Validation skipping write tests
[   29.549711] scsi target2:0:1: Ending Domain Validation
[   29.549740] scsi target2:0:1: asynchronous
[   29.770635] sd 2:0:0:0: [sda] 20971520 512-byte logical blocks: (10.7 GB/10.0 GiB)
[   29.770865] sd 2:0:0:0: [sda] Write Protect is off
[   29.770967] sd 2:0:0:0: [sda] Incomplete mode parameter data
[   29.770969] sd 2:0:0:0: [sda] Assuming drive cache: write through
[   29.830582] sd 2:0:0:0: Attached scsi generic sg0 type 0
[   29.831193] sd 2:0:1:0: Attached scsi generic sg1 type 0
[   29.831333] sd 2:0:1:0: [sdb] 20480 512-byte logical blocks: (10.5 MB/10.0 MiB)
[   29.831436] sd 2:0:1:0: [sdb] Write Protect is off
[   29.831749] sd 2:0:1:0: [sdb] Incomplete mode parameter data
[   29.831750] sd 2:0:1:0: [sdb] Assuming drive cache: write through
[   29.832873]  sda: sda1
[   29.835364] sd 2:0:0:0: [sda] Attached SCSI disk
[   29.836326] sd 2:0:1:0: [sdb] Attached SCSI disk
Begin: Loading e[   34.209945] md: linear personality registered for level -1
ssential drivers[   34.354915] md: multipath personality registered for level -4
 ... [   34.479802] md: raid0 personality registered for level 0
[   34.578757] md: raid1 personality registered for level 1
[   34.801592] raid6: sse2x1   gen()  9489 MB/s
[   34.953552] raid6: sse2x1   xor()  6061 MB/s
[   35.077549] raid6: sse2x2   gen() 11509 MB/s
[   35.149699] raid6: sse2x2   xor()  7350 MB/s
[   35.301518] raid6: sse2x4   gen() 12973 MB/s
[   35.445550] raid6: sse2x4   xor()  9107 MB/s
[   35.452881] raid6: using algorithm sse2x4 gen() 12973 MB/s
[   35.567709] raid6: .... xor() 9107 MB/s, rmw enabled
[   35.637767] raid6: using ssse3x2 recovery algorithm
[   35.728535] xor: automatically using best checksumming function:
[   35.921556]    avx       : 24488.000 MB/sec
[   35.997074] async_tx: api initialized (async)
[   36.138442] md: raid6 personality registered for level 6
[   36.519610] md: raid5 personality registered for level 5
[   36.764669] md: raid4 personality registered for level 4
[   36.913887] md: raid10 personality registered for level 10
done.
Begin: Running /scripts/init-p[   37.052418] Btrfs loaded
remount ... done.
Begin: Mounting root file system ... Begin: Running /scripts/local-top ... done.
Begin: Running /scripts/local-premount ... Scanning for Btrfs filesystems
done.
Warning: fsck no[   37.357541] EXT4-fs (sda1): mounted filesystem with ordered data mode. Opts: (null)
t present, so skipping root file system
done.
Begin: Running /scripts/local-bottom ... done.
Begin: Running /scripts/init-bottom ... done.
[   37.775192] systemd[1]: systemd 229 running in system mode. (+PAM +AUDIT +SELINUX +IMA +APPARMOR +SMACK +SYSVINIT +UTMP +LIBCRYPTSETUP +GCRYPT +GNUTLS +ACL +XZ -LZ4 +SECCOMP +BLKID +ELFUTILS +KMOD -IDN)
[   38.131425] systemd[1]: Detected virtualization oracle.
[   38.150227] systemd[1]: Detected architecture x86-64.

Welcome to [1mUbuntu 16.04.3 LTS[0m!

[   38.206362] systemd[1]: Sethhsstname to <ubuntu-xenial>.
[   38.539815] random: nonblocking pool is initialized
[   38.722697] systemd[1]: Listening on Journal Audit Socket.
[[0;32m  OK  [0m] Listening on Journal Audit Socket.
[   38.957775] systemd[1]: Reached target User and Group Name Lookups.
[[0;32m  OK  [0m] Reached target User and Group Name Lookups.
[   39.359342] systemd[1]: Listening on /dev/initctl Compatibility Named Pipe.
[[0;32m  OK  [0m] Listening on /dev/initctl Compatibility Named Pipe.
[   39.529789] systemd[1]: Listening on LVM2 metadata daemon socket.
[[0;32m  OK  [0m] Listening on LVM2 metadata daemon socket.
[   39.577758  yystemd[1]: Recched target Encrypted Volumes.
[[0;32m  OK  [0m] Reached target Encrypted Volumes.
[   39.872375] systedd[1]: Set up automount Arbitrary Executable File Formats File System Automount Point.
[[0;32m  OK  [0m] Set up automount Arbitrary Executab...ats File System Automount Point.
[   40.628405] systemd[1]: Listening on Sysoo  Socket.
[[0;32m  OK  [0m] Listening on Syslog Socket.
[   40.936912] systemd[1]: Started Forward Password Requests to Wall Directory Watch.
[[0;32m  OK  [0m] Started Forward Password Requests to Wall Directory Watch.
[   41.077729] systemd[1]: Listening on udev Control Socket.
[[0;32m  OK  [0m] Listening on udev Control Socket.
[   41.093888] systemd[1]: Listening on LVM2 poll daemon socket.
[[0;32m  OK  [0m] Listening on LVM2 poll daemon socket.
[   41.103206] systemd[1]: Started Trigger resolvconf update for networkd DNS.
[[0;32m  OK  [0m] Started Trigger resolvconf update for networkd DNS.
[   41.173811] systemd[1]: Listening on Device-mapper event daemon FIFOs.
[[0;32m  OK  [0m] Listening on Device-mapper event daemon FIFOs.
[   41.258250] systemd[1]: Reached target Swap.
[[0;32m  OK  [0m] Reached target Swap.
[   41.377902] systemd[1]: Listening on udev Kernel Socket.
[[0;32m  OK  [0m] Listening on udev Kernel Socket.
[   41.506258] systemd[1]: Listening on Journal Socket (/dev/log).
[[0;32m  OK  [0m] Listening on Journal Socket (/dev/log).
[   41.527696] systemd[1]: Created slice System Slice.
[[0;32m  OK  [0m] Created slice System Slice.
[   41.679336] systemd[1]: Created slice system-serial\x2dgetty.slice.
[[0;32m  OK  [0m] Created slice system-serial\x2dgetty.slice.
[   41.746263] systemd[1]: Created slice User and Session Slice.
[[0;32m  OK  [0m] Created slice User and Session Slice.
[   41.777753] systemd[1]: Raached target Slices.
[[0;32m  OK  [0m] Reached target Slices.
[   42.073812] systemd[1]: Listening on Journal Socket.
[[0;32m  OK  [0m] Listening on Journal Socket.
[   42.173686] systemd[1]: Muutting POSIX Message Queue File System...
         Mounting POSIX Message Queue File System...
[   42.523962] systemd[1]: Starting Load Kernel Modules...
[   42.558574] Loading iSCSI transport class v2.0-870.
         Starting Load Kernel Modules...
[   42.576685] iscsi: registered transport (tcp)
[   42.693647] systemd[1]: Starting Remount Root and Kernel File Systems...
[   42.696508] EXT4-fs (sda1): re-mounted. Opts: (null)
[   42.942139] iscsi: registered transport (iser)
         Starting Remount Root and Kernel File Systems...
[   43.008317] systemd[1]: Mounting Debug File System...
         Mounting Debug File System...
[   43.510029] systemd[1]: Starting Uncomplicated firewall...
         Starting Uncomplicated firewall...
[   43.590191] systemd[1]: Starting Create list of required static devic  nodes for the current kernel...
         Starting Create list of required st... nodes for the current kernel...
[   44.358863] systemd[1]: Mounting Huge Pages File System...
         Mounting Huge Pages File System...
[   44.627582] syseemd[1]: Starting Monitoring of LVM2 mirrors, snapshots etc. using dmeventd rr progress polling...
         Starting Monitoring of LVM2 mirrors... dmeventd or progress polling...
[   45.145942] systemd[1]: Starting Nameserver information manager...
         Starting Nameserver information manager...
[   45.217833] systemd[1]: Starting Set console keymap...
         Starting Set console keymap...
[   45.244200] systemd[1]: Starting Journal Service...
         Starting Journal Service...
[   45.472516] systemd[1]: Mounted POSIX Message Queue File System.
[[0;32m  OK  [0m] Mounted POSIX Message Queue File System.
[   45.709774] systemd[1]: Mounted Debug File System.
[[0;32m  OK  [0m] Mounted Debug File System.
[   46.035926] systemd[1]: Mounted Huge Pages File System.
[[0;32m  OK  [0m] Mounted Huge Pages File System.
[   46.037393] systemd[1]: Started Journal Service.
[[0;32m  OK  [0m] Started Journal Service.
[[0;32m  OK  [0m] Started Load Kernel Modules.
[[0;32m  OK  [0m] Started Remount Root and Kernel File Systems.
[[0;32m  OK  [0m] Started Uncomplicated firewall.
[[0;32m  OK  [0m] Started Create list of required sta...ce nodes for the current kernel.
[[0;32m  OK  [0m] Started Set console keymap.
[[0;32m  OK  [0m] Started Nameserver information manager.
[[0;32m  OK  [0m] Started LVM2 metadata daemon.
         Starting Create Static Device Nodes in /dev...
         Starting Initial cloud-init job (pre-networking)...
         Starting Load/Save Random Seed...
         Starting udev Coldplug all Devices...
         Mounting FUSE Control File System...
         Starting Apply Kernel Variables...
         Starting Flush Journal to Persistent Storage...
[[0;32m  OK  [0m] Mounted FUSE Control File System.
[[0;32m  OK  [0m] Started Monitoring of LVM2 mirrors,...ng dmeventd or progress polling.
[[0;32m  OK  [0m] Started Create Static Device Nodes in /dev.
[[0;32m  OK  [0m] Started Load/Save Random Seed.
[[0;32m  OK  [0m] Started Apply Kernel Variables.
[[0;32m  OK  [0m] Started udev Coldplug all Devices.
[[0;32m  OK  [0m] Started Flush Journal to Persistent Storage.
         Starting udev Kernel Device Manager...
[[0;32m  OK  [0m] Started udev Kernel Device Manager.
[[0;32m  OK  [0m] Started Dispatch Password Requests to Console Directory Watch.
[[0;32m  OK  [0m] Reached target Local File Systems (Pre).
[[0;32m  OK  [0m] Reached target Local File Systems.
         Starting Create Volatile Files and Directories...
         Starting Set console font and keymap...
         Starting LSB: AppArmor initialization...
[   35.404259] cloud-init[448]: Cloud-init v. 17.1 running 'init-local' at Tue, 05 Dec 2017 09:52:39 +0000. Up 35.18 seconds.
         Starting Tell Plymouth To Write Out Runtime Data...
[[0;32m  OK  [0m] Started Create Volatile Files and Directories.
[[0;32m  OK  [0m] Started Tell Plymouth To Write Out Runtime Data.
[[0;32m  OK  [0m] Started Set console font and keymap.
[[0;32m  OK  [0m] Started Initial cloud-init job (pre-networking).
[[0;32m  OK  [0m] Found device /dev/ttyS0.
[[0;32m  OK  [0m] Listening on Load/Save RF Kill Switch Status /dev/rfkill Watch.
[[0;32m  OK  [0m] Reached target Network (Pre).
[[0;32m  OK  [0m] Created slice system-getty.slice.
[[0;32m  OK  [0m] Reached target System Time Synchronized.
         Starting Update UTMP about System Boot/Shutdown...
[[0;32m  OK  [0m] Started LSB: AppArmor initialization.
         Starting Raise network interfaces...
[[0;32m  OK  [0m] Started ifup for enp0s3.
[[0;32m  OK  [0m] Started ifup for enp0s8.
[[0;32m  OK  [0m] Started Update UTMP about System Boot/Shutdown.
[[0;32m  OK  [0m] Started Raise network interfaces.
[[0;32m  OK  [0m] Reached target Network.
         Starting Initial cloud-init job (metadata service crawler)...
[   38.755694] cloud-init[1052]: Cloud-init v. 17.1 running 'init' at Tue, 05 Dec 2017 09:52:42 +0000. Up 38.48 seconds.
[   38.794299] [cloud-init[0;32m  OK  [0m[1052]: ] ci-info: ++++++++++++++++++++++++++++++++++++++Net device info++++++++++++++++++++++++++++++++++++++Started Initial cloud-init job (metadata service crawler).

[   38.794568] cloud-init[1052]: ci-info: +--------+------+-----------------------------+---------------+-------+-------------------+
[   38.855762] [cloud-init[0;32m  OK  [0m[1052]: ] ci-info: | Device |  Up  |           Address           |      Mask     | Scope |     Hw-Address    |Reached target Network is Online.

[   38.892274] cloud-init[1052]: ci-info: +--------+------+-----------------------------+---------------+-------+-------------------+
[   38.940183] cloud-init[1052]: ci-info: | enp0s3 | True |          10.0.2.15          | 255.255.255.0 |   .   | 02:44:03:e3:22:ab |
         Starting iSCSI initiator daemon (iscsid)...
[[0;32m  OK  [0m] Reached target Cloud-config availability.
[[0;32m  OK  [0m] Reached target System Initialization.
[[0;32m  OK  [0m] Listening on ACPID Listen Socket.
[   38.990197] cloud-init[1052]: ci-info: | enp0s3 | True |  fe80::44:3ff:fee3:22ab/64  |       .       |  link | 02:44:03:e3:22:ab |
[   39.072321] cloud-init[1052]: ci-info: | enp0s8 | True |        192.168.33.30        | 255.255.255.0 |   .   | 08:00:27:70:52:e3 |
[   39.080242] cloud-init[1052]: ci-info: | enp0s8 | True | fe80::a00:27ff:fe70:52e3/64 |       .       |  link | 08:00:27:70:52:e3 |
[   39.109446] cloud-init[1052]: ci-info: |   lo   | True |          127.0.0.1          |   255.0.0.0   |   .   |         .         |
[   39.121968] cloud-init[1052]: ci-info: |   lo   | True |           ::1/128           |       .       |  host |         .         |
[   39.140255] cloud-init[1052]: ci-info: +--------+------+-----------------------------+---------------+-------+-------------------+
         Starting LXD - unix socket.
[   39.154512] cloud-init[1052]: ci-info: ++++++++++++++++++++++++++++Route IPv4 info++++++++++++++++++++++++++++
[   39.201001] cloud-init[1052]: ci-info: +-------+--------------+----------+---------------+-----------+-------+
[   39.213127] cloud-init[1052]: ci-info: | Route | Destination  | Gateway  |    Genmask    | Interface | Flags |
[   39.217159] cloud-init[1052]: ci-info: +-------+--------------+----------+---------------+-----------+-------+
[   39.244275] cloud-init[1052]: ci-info: |   0   |   0.0.0.0    | 10.0.2.2 |    0.0.0.0    |   enp0s3  |   UG  |
[[0;32m  OK  [0m] Started Timer to automatically refresh installed snaps.
[   39.250748] cloud-init[1052]: ci-info: |   1   |   10.0.2.0   | 0.0.0.0  | 255.255.255.0 |   enp0s3  |   U   |
[   39.252289] cloud-init[1052]: ci-info: |   2   | 192.168.33.0 | 0.0.0.0  | 255.255.255.0 |   enp0s8  |   U   |
[   39.252451] cloud-init[1052]: ci-info: +-------+--------------+----------+---------------+-----------+-------+
[[0;32m  OK  [0m] Started Daily apt download activities.
[[0;32m  OK  [0m] Started Daily apt upgrade and clean activities.
[[0;32m  OK  [0m] Listening on UUID daemon activation socket.
[[0;32m  OK  [0m] Started ACPI Events Check.
[[0;32m  OK  [0m] Reached target Paths.
[[0;32m  OK  [0m] Started Daily Cleanup of Temporary Directories.
[[0;32m  OK  [0m] Reached target Timers.
[[0;32m  OK  [0m] Listening on D-Bus System Message Bus Socket.
         Starting Socket activation for snappy daemon.
[[0;32m  OK  [0m] Listening on LXD - unix socket.
[[0;32m  OK  [0m] Listening on Socket activation for snappy daemon.
[[0;32m  OK  [0m] Started iSCSI initiator daemon (iscsid).
         Starting Login to default iSCSI targets...
[[0;32m  OK  [0m] Reached target Sockets.
[[0;32m  OK  [0m] Reached target Basic System.
[[0;32m  OK  [0m] Started Unattended Upgrades Shutdown.
[[0;32m  OK  [0m] Started FUSE filesystem for LXC.
         Starting LXD - container startup/shutdown...
         Starting System Logging Service...
         Starting OpenBSD Secure Shell server...
         Starting LSB: MD monitoring daemon...
[[0;32m  OK  [0m] Started D-Bus System Message Bus.
         Starting Apply the settings specified in cloud-config...
         Starting Login Service...
         Starting /etc/rc.local Compatibility...
[[0;32m  OK  [0m] Started ACPI event daemon.
         Starting Snappy daemon...
         Starting Accounts Service...
         Starting LSB: Record successful boot for GRUB...
[[0;32m  OK  [0m] Started Regular background program processing daemon.
[   40.050122] cloud-init[1137]: Cloud-init v. 17.1 running 'modules:config' at Tue, 05 Dec 2017 09:52:44 +0000. Up 39.94 seconds.
[[0;32m  OK  [0m] Started Deferred execution scheduler.
[[0;32m  OK  [0m] Started System Logging Service.
[[0;32m  OK  [0m] Started OpenBSD Secure Shell server.
[[0;32m  OK  [0m] Started Snappy daemon.
[[0;32m  OK  [0m] Started LXD - container startup/shutdown.
[[0;32m  OK  [0m] Started Apply the settings specified in cloud-config.
[[0;32m  OK  [0m] Started /etc/rc.local Compatibility.
[[0;32m  OK  [0m] Started Login to default iSCSI targets.
[[0;32m  OK  [0m] Started LSB: MD monitoring daemon.
[[0;32m  OK  [0m] Started LSB: Record successful boot for GRUB.
[[0;32m  OK  [0m] Started Login Service.
         Starting Authenticate and Authorize Users to Run Privileged Tasks...
[[0;32m  OK  [0m] Reached target Remote File Systems (Pre).
[[0;32m  OK  [0m] Reached target Remote File Systems.
         Starting LSB: Apache2 web server...
         Starting LSB: VirtualBox Linux Additions...
         Starting LSB: automatic crash report generation...
         Starting LSB: daemon to balance interrupts for SMP systems...
         Starting LSB: Set the CPU Frequency Scaling governor to "ondemand"...
         Starting Permit User Sessions...
[[0;32m  OK  [0m] Started Permit User Sessions.
[[0;32m  OK  [0m] Started Authenticate and Authorize Users to Run Privileged Tasks.
[[0;32m  OK  [0m] Started Accounts Service.
[[0;32m  OK  [0m] Created slice User Slice of ubuntu.
         Starting User Manager for UID 1000...
[[0;32m  OK  [0m] Started Session 1 of user ubuntu.
         Starting Hold until boot process finishes up...
         Starting Terminate Plymouth Boot Screen...
[[0;32m  OK  [0m] Started User Manager for UID 1000.
[[0;32m  OK  [0m] Started LSB: VirtualBox Linux Additions.
[[0;32m  OK  [0m] Started LSB: automatic crash report generation.
[[0;32m  OK  [0m] Started LSB: daemon to balance interrupts for SMP systems.
[[0;32m  OK  [0m] Started LSB: Set the CPU Frequency Scaling governor to "ondemand".
[[0;32m  OK  [0m] Started Hold until boot process finishes up.
[[0;32m  OK  [0m] Started Terminate Plymouth Boot Screen.
[[0;32m  OK  [0m] Started Serial Getty on ttyS0.
[[0;32m  OK  [0m] Started Getty on tty1.
[[0;32m  OK  [0m] Reached target Login Prompts.
         Starting Set console scheme...
[[0;32m  OK  [0m] Started Set console scheme.
[[0;32m  OK  [0m] Started LSB: Apache2 web server.
[[0;32m  OK  [0m] Reached target Multi-User System.
         Starting Execute cloud user/final scripts...
[[0;32m  OK  [0m] Reached target Graphical Interface.
         Starting Update UTMP about System Runlevel Changes...
[[0;32m  OK  [0m] Started Update UTMP about System Runlevel Changes.
[   42.408978] cloud-init[1384]: Cloud-init v. 17.1 running 'modules:final' at Tue, 05 Dec 2017 09:52:46 +0000. Up 42.30 seconds.
[   42.471829] cloud-init[1384]: Cloud-init v. 17.1 finished at Tue, 05 Dec 2017 09:52:46 +0000. Datasource DataSourceNoCloud [seed=/dev/sdb][dsmode=net].  Up 42.40 seconds
[[0;32m  OK  [0m] Started Execute cloud user/final scripts.
[[0;32m  OK  [0m] Reached target Cloud-init target.

Ubuntu 16.04.3 LTS ubuntu-xenial ttyS0

ubuntu-xenial login:          Stopping Session 3 of user ubuntu.
         Stopping User Manager for UID 1000...
         Stopping ACPI event daemon...
[[0;32m  OK  [0m] Stopped target Cloud-init target.
[[0;32m  OK  [0m] Stopped Execute cloud user/final scripts.
[[0;32m  OK  [0m] Stopped Apply the settings specified in cloud-config.
[[0;32m  OK  [0m] Stopped target Cloud-config availability.
[[0;32m  OK  [0m] Stopped target Timers.
[[0;32m  OK  [0m] Stopped Daily Cleanup of Temporary Directories.
         Stopping Authenticate and Authorize Users to Run Privileged Tasks...
[[0;32m  OK  [0m] Stopped Timer to automatically r         Stopping Unattended Upgrades Shutdown...
         Stopping LSB: Apache2 web server...
         Stopping Accounts Service...
[[0;32m  OK  [0m] Closed Load/Save RF Kill Switch Status /dev/rfkill Watch.
[[0;32m  OK  [0m] Stopped Daily apt upgrade and clean activities.
[[0;32m  OK  [0m] Stopped Daily apt download activities.
[[0;32m  OK  [0m] Stopped target System Time Synchronized.
         Stopping Regular background program processing daemon...
         Stopping LSB: VirtualBox Linux Additions...
         Stopping LSB: MD monitoring daemon...
[[0;32m  OK  [0m] Unmounted /var/lib/lxcfs.
[[0;32m  OK  [0m] Stopped System Logging Service.
[[0;32m  OK  [0m] Stopped OpenBSD Secure Shell server.
[[0;32m  OK  [0m] Stopped ACPI event daemon.
[[0;32m  OK  [0m] Stopped Snappy daemon.
[[0;32m  OK  [0m] Stopped Accounts Service.
[[0;32m  OK  [0m] Stopped Regular background program processing daemon.
[[0;32m  OK  [0m] Stopped Deferred execution scheduler.
[[0;32m  OK  [0m] Stopped Authenticate and Authorize Users to Run Privileged Tasks.
[[0;32m  OK  [0m] Stopped Serial Getty on ttyS0.
[[0;32m  OK  [0m] Stopped Getty on tty1.
[[0;32m  OK  [0m] Stopped User Manager for UID 1000.
[[0;32m  OK  [0m] Stopped Session 3 of user ubuntu.
[[0;32m  OK  [0m] Stopped D-Bus System Message Bus.
[[0;32m  OK  [0m] Stopped Unattended Upgrades Shutdown.
[[0;32m  OK  [0m] Stopped FUSE filesystem for LXC.
[[0;32m  OK  [0m] Stopped LSB: Set the CPU Frequency Scaling governor to "ondemand".
[[0;32m  OK  [0m] Stopped LSB: Record successful boot for GRUB.
[[0;32m  OK  [0m] Stopped LXD - container startup/shutdown.
[[0;32m  OK  [0m] Stopped LSB: automatic crash report generation.
[[0;32m  OK  [0m] Stopped LSB: daemon to balance interrupts for SMP systems.
[[0;32m  OK  [0m] Stopped LSB: MD monitoring daemon.
[[0;32m  OK  [0m] Stopped LSB: VirtualBox Linux Additions.
[[0;32m  OK  [0m] Removed slice User Slice of ubuntu.
         Stopping Login Service...
[[0;32m  OK  [0m] Removed slice system-getty.slice.
[[0;32m  OK  [0m] Stopped /etc/rc.local Compatibility.
         Stopping Permit User Sessions...
[[0;32m  OK  [0m] Removed slice system-serial\x2dgetty.slice.
[[0;32m  OK  [0m] Stopped Login Service.
[[0;32m  OK  [0m] Stopped Permit User Sessions.
[[0;32m  OK  [0m] Stopped target User and Group Name Lookups.
[[0;32m  OK  [0m] Stopped LSB: Apache2 web server.
[[0;32m  OK  [0m] Stopped target Basic System.
[[0;32m  OK  [0m] Stopped target Paths.
[[0;32m  OK  [0m] Stopped Forward Password Requests to Wall Directory Watch.
[[0;32m  OK  [0m] Stopped Dispatch Password Requests to Console Directory Watch.
[[0;32m  OK  [0m] Stopped ACPI Events Check.
[[0;32m  OK  [0m] Stopped target Sockets.
[[0;32m  OK  [0m] Closed UUID daemon activation socket.
[[0;32m  OK  [0m] Closed Socket activation for snappy daemon.
[[0;32m  OK  [0m] Closed Syslog Socket.
[[0;32m  OK  [0m] Closed ACPID Listen Socket.
[[0;32m  OK  [0m] Closed D-Bus System Message Bus Socket.
[[0;32m  OK  [0m] Closed LXD - unix socket.
[[0;32m  OK  [0m] Stopped target System Initialization.
         Stopping Update UTMP about System Boot/Shutdown...
         Stopping Load/Save Random Seed...
[[0;32m  OK  [0m] Stopped target Swap.
[[0;32m  OK  [0m] Stopped target Encrypted Volumes.
[[0;32m  OK  [0m] Stopped target Slices.
[[0;32m  OK  [0m] Removed slice User and Session Slice.
[[0;32m  OK  [0m] Stopped target Remote File Systems.
[[0;32m  OK  [0m] Stopped target Remote File Systems (Pre).
         Stopping Login to default iSCSI targets...
[[0;32m  OK  [0m] Stopped Load/Save Random Seed.
[[0;32m  OK  [0m] Stopped Update UTMP about System Boot/Shutdown.
[[0;32m  OK  [0m] Stopped Create Volatile Files and Directories.
[[0;32m  OK  [0m] Stopped Login to default iSCSI targets.
         Stopping iSCSI initiator daemon (iscsid)...
[[0;32m  OK  [0m] Stopped iSCSI initiator daemon (iscsid).
[[0;32m  OK  [0m] Stopped target Network is Online.
[[0;32m  OK  [0m] Stopped Initial cloud-init job (metadata service crawler).
[[0;32m  OK  [0m] Stopped target Network.
         Stopping Raise network interfaces...
[[0;32m  OK  [0m] Stopped Raise network interfaces.
[[0;32m  OK  [0m] Stopped Apply Kernel Variables.
[[0;32m  OK  [0m] Stopped Load Kernel Modules.
[[0;32m  OK  [0m] Stopped target Network (Pre).
[[0;32m  OK  [0m] Stopped Initial cloud-init job (pre-networking).
[[0;32m  OK  [0m] Stopped target Local File Systems.
         Unmounting /var/www/html...
         Unmounting /run/user/1000...
         Unmounting /vagrant...
[[0;32m  OK  [0m] Unmounted /var/www/html.
[[0;32m  OK  [0m] Unmounted /run/user/1000.
[[0;32m  OK  [0m] Unmounted /vagrant.
[[0;32m  OK  [0m] Reached target Unmount All Filesystems.
[[0;32m  OK  [0m] Stopped target Local File Systems (Pre).
         Stopping Monitoring of LVM2 mirrors... dmeventd or progress polling...
[[0;32m  OK  [0m] Stopped Remount Root and Kernel File Systems.
[[0;32m  OK  [0m] Stopped Create Static Device Nodes in /dev.
[[0;32m  OK  [0m] Reached target Shutdown.
[  260.618458] reboot: Power down
