[    0.000000] Initializing cgroup subsys cpuset
[    0.000000] Initializing cgroup subsys cpu
[    0.000000] Initializing cgroup subsys cpuacct
[    0.000000] Linux version 4.4.0-101-generic (buildd@lcy01-amd64-006) (gcc version 5.4.0 20160609 (Ubuntu 5.4.0-6ubuntu1~16.04.5) ) #124-Ubuntu SMP Fri Nov 10 18:29:59 UTC 2017 (Ubuntu 4.4.0-101.124-generic 4.4.95)
[    0.000000] Command line: BOOT_IMAGE=/boot/vmlinuz-4.4.0-101-generic root=LABEL=cloudimg-rootfs ro console=tty1 console=ttyS0
[    0.000000] KERNEL supported cpus:
[    0.000000]   Intel GenuineIntel
[    0.000000]   AMD AuthenticAMD
[    0.000000]   Centaur CentaurHauls
[    0.000000] ------------[ cut here ]------------
[    0.000000] WARNING: CPU: 0 PID: 0 at /build/linux-FmWmUC/linux-4.4.0/arch/x86/kernel/fpu/xstate.c:517 fpu__init_system_xstate+0x38b/0x75a()
[    0.000000] XSAVE consistency problem, dumping leaves
[    0.000000] Modules linked in:
[    0.000000] CPU: 0 PID: 0 Comm: swapper Not tainted 4.4.0-101-generic #124-Ubuntu
[    0.000000]  0000000000000086 03da245e14e172dc ffffffff81e03d80 ffffffff813fb4d3
[    0.000000]  ffffffff81e03dc8 ffffffff81caa910 ffffffff81e03db8 ffffffff810812e2
[    0.000000]  ffffffff81e03e48 ffffffff81e03e4c 0000000000000008 0000000000000100
[    0.000000] Call Trace:
[    0.000000]  [<ffffffff813fb4d3>] dump_stack+0x63/0x90
[    0.000000]  [<ffffffff810812e2>] warn_slowpath_common+0x82/0xc0
[    0.000000]  [<ffffffff8108137c>] warn_slowpath_fmt+0x5c/0x80
[    0.000000]  [<ffffffff8107cff0>] ? xfeature_size+0x59/0x77
[    0.000000]  [<ffffffff81f6e20b>] fpu__init_system_xstate+0x38b/0x75a
[    0.000000]  [<ffffffff81f5e120>] ? early_idt_handler_array+0x120/0x120
[    0.000000]  [<ffffffff81f6db76>] fpu__init_system+0x10d/0x245
[    0.000000]  [<ffffffff81f6ec7f>] early_cpu_init+0x139/0x13e
[    0.000000]  [<ffffffff81f6ec7f>] ? early_cpu_init+0x139/0x13e
[    0.000000]  [<ffffffff81f6a181>] setup_arch+0xb4/0xcf6
[    0.000000]  [<ffffffff81f5e120>] ? early_idt_handler_array+0x120/0x120
[    0.000000]  [<ffffffff81f5ec74>] start_kernel+0xe4/0x4a2
[    0.000000]  [<ffffffff81f5e120>] ? early_idt_handler_array+0x120/0x120
[    0.000000]  [<ffffffff81f5e339>] x86_64_start_reservations+0x2a/0x2c
[    0.000000]  [<ffffffff81f5e485>] x86_64_start_kernel+0x14a/0x16d
[    0.000000] ---[ end trace 4d5ff9f2f68c4233 ]---
[    0.000000] CPUID[0d, 00]: eax=00000007 ebx=00000440 ecx=00000440 edx=00000000
[    0.000000] CPUID[0d, 01]: eax=00000000 ebx=000003c0 ecx=00000000 edx=00000000
[    0.000000] CPUID[0d, 02]: eax=00000100 ebx=00000240 ecx=00000000 edx=00000000
[    0.000000] CPUID[0d, 03]: eax=00000000 ebx=00000000 ecx=00000000 edx=00000000
[    0.000000] CPUID[0d, 04]: eax=00000000 ebx=00000000 ecx=00000000 edx=00000000
[    0.000000] CPUID[0d, 05]: eax=00000000 ebx=00000000 ecx=00000000 edx=00000000
[    0.000000] CPUID[0d, 06]: eax=00000000 ebx=00000000 ecx=00000000 edx=00000000
[    0.000000] CPUID[0d, 07]: eax=00000000 ebx=00000000 ecx=00000000 edx=00000000
[    0.000000] CPUID[0d, 08]: eax=00000000 ebx=00000000 ecx=00000000 edx=00000000
[    0.000000] CPUID[0d, 09]: eax=00000000 ebx=00000000 ecx=00000000 edx=00000000
[    0.000000] CPUID[0d, 0a]: eax=00000000 ebx=00000000 ecx=00000000 edx=00000000
[    0.000000] CPUID[0d, 0b]: eax=00000000 ebx=00000000 ecx=00000000 edx=00000000
[    0.000000] CPUID[0d, 0c]: eax=00000000 ebx=00000000 ecx=00000000 edx=00000000
[    0.000000] CPUID[0d, 0d]: eax=00000000 ebx=00000000 ecx=00000000 edx=00000000
[    0.000000] CPUID[0d, 0e]: eax=00000000 ebx=00000000 ecx=00000000 edx=00000000
[    0.000000] CPUID[0d, 0f]: eax=00000000 ebx=00000000 ecx=00000000 edx=00000000
[    0.000000] CPUID[0d, 10]: eax=00000000 ebx=00000000 ecx=00000000 edx=00000000
[    0.000000] CPUID[0d, 11]: eax=00000000 ebx=00000000 ecx=00000000 edx=00000000
[    0.000000] x86/fpu: xstate_offset[2]:  576, xstate_sizes[2]:  256
[    0.000000] x86/fpu: Supporting XSAVE feature 0x01: 'x87 floating point registers'
[    0.000000] x86/fpu: Supporting XSAVE feature 0x02: 'SSE registers'
[    0.000000] x86/fpu: Supporting XSAVE feature 0x04: 'AVX registers'
[    0.000000] x86/fpu: Enabled xstate features 0x7, context size is 1088 bytes, using 'standard' format.
[    0.000000] x86/fpu: Using 'lazy' FPU context switches.
[    0.000000] e820: BIOS-provided physical RAM map:
[    0.000000] BIOS-e820: [mem 0x0000000000000000-0x000000000009fbff] usable
[    0.000000] BIOS-e820: [mem 0x000000000009fc00-0x000000000009ffff] reserved
[    0.000000] BIOS-e820: [mem 0x00000000000f0000-0x00000000000fffff] reserved
[    0.000000] BIOS-e820: [mem 0x0000000000100000-0x000000003ffeffff] usable
[    0.000000] BIOS-e820: [mem 0x000000003fff0000-0x000000003fffffff] ACPI data
[    0.000000] BIOS-e820: [mem 0x00000000fec00000-0x00000000fec00fff] reserved
[    0.000000] BIOS-e820: [mem 0x00000000fee00000-0x00000000fee00fff] reserved
[    0.000000] BIOS-e820: [mem 0x00000000fffc0000-0x00000000ffffffff] reserved
[    0.000000] NX (Execute Disable) protection: active
[    0.000000] SMBIOS 2.5 present.
[    0.000000] Hypervisor detected: KVM
[    0.000000] e820: last_pfn = 0x3fff0 max_arch_pfn = 0x400000000
[    0.000000] MTRR: Disabled
[    0.000000] x86/PAT: MTRRs disabled, skipping PAT initialization too.
[    0.000000] CPU MTRRs all blank - virtualized system.
[    0.000000] x86/PAT: Configuration [0-7]: WB  WT  UC- UC  WB  WT  UC- UC  
[    0.000000] found SMP MP-table at [mem 0x0009fff0-0x0009ffff] mapped at [ffff88000009fff0]
[    0.000000] Scanning 1 areas for low memory corruption
[    0.000000] RAMDISK: [mem 0x36abc000-0x37555fff]
[    0.000000] ACPI: Early table checksum verification disabled
[    0.000000] ACPI: RSDP 0x00000000000E0000 000024 (v02 VBOX  )
[    0.000000] ACPI: XSDT 0x000000003FFF0030 00003C (v01 VBOX   VBOXXSDT 00000001 ASL  00000061)
[    0.000000] ACPI: FACP 0x000000003FFF00F0 0000F4 (v04 VBOX   VBOXFACP 00000001 ASL  00000061)
[    0.000000] ACPI: DSDT 0x000000003FFF0470 0021FF (v02 VBOX   VBOXBIOS 00000002 INTL 20100528)
[    0.000000] ACPI: FACS 0x000000003FFF0200 000040
[    0.000000] ACPI: FACS 0x000000003FFF0200 000040
[    0.000000] ACPI: APIC 0x000000003FFF0240 00005C (v02 VBOX   VBOXAPIC 00000001 ASL  00000061)
[    0.000000] ACPI: SSDT 0x000000003FFF02A0 0001CC (v01 VBOX   VBOXCPUT 00000002 INTL 20100528)
[    0.000000] No NUMA configuration found
[    0.000000] Faking a node at [mem 0x0000000000000000-0x000000003ffeffff]
[    0.000000] NODE_DATA(0) allocated [mem 0x3ffeb000-0x3ffeffff]
[    0.000000] kvm-clock: Using msrs 4b564d01 and 4b564d00
[    0.000000] kvm-clock: cpu 0, msr 0:3ffe3001, primary cpu clock
[    0.000000] kvm-clock: using sched offset of 3681058937 cycles
[    0.000000] clocksource: kvm-clock: mask: 0xffffffffffffffff max_cycles: 0x1cd42e4dffb, max_idle_ns: 881590591483 ns
[    0.000000] Zone ranges:
[    0.000000]   DMA      [mem 0x0000000000001000-0x0000000000ffffff]
[    0.000000]   DMA32    [mem 0x0000000001000000-0x000000003ffeffff]
[    0.000000]   Normal   empty
[    0.000000]   Device   empty
[    0.000000] Movable zone start for each node
[    0.000000] Early memory node ranges
[    0.000000]   node   0: [mem 0x0000000000001000-0x000000000009efff]
[    0.000000]   node   0: [mem 0x0000000000100000-0x000000003ffeffff]
[    0.000000] Initmem setup node 0 [mem 0x0000000000001000-0x000000003ffeffff]
[    0.000000] ACPI: PM-Timer IO Port: 0x4008
[    0.000000] IOAPIC[0]: apic_id 2, version 32, address 0xfec00000, GSI 0-23
[    0.000000] ACPI: INT_SRC_OVR (bus 0 bus_irq 0 global_irq 2 dfl dfl)
[    0.000000] ACPI: INT_SRC_OVR (bus 0 bus_irq 9 global_irq 9 high level)
[    0.000000] Using ACPI (MADT) for SMP configuration information
[    0.000000] smpboot: Allowing 2 CPUs, 0 hotplug CPUs
[    0.000000] PM: Registered nosave memory: [mem 0x00000000-0x00000fff]
[    0.000000] PM: Registered nosave memory: [mem 0x0009f000-0x0009ffff]
[    0.000000] PM: Registered nosave memory: [mem 0x000a0000-0x000effff]
[    0.000000] PM: Registered nosave memory: [mem 0x000f0000-0x000fffff]
[    0.000000] e820: [mem 0x40000000-0xfebfffff] available for PCI devices
[    0.000000] Booting paravirtualized kernel on KVM
[    0.000000] clocksource: refined-jiffies: mask: 0xffffffff max_cycles: 0xffffffff, max_idle_ns: 7645519600211568 ns
[    0.000000] setup_percpu: NR_CPUS:512 nr_cpumask_bits:512 nr_cpu_ids:2 nr_node_ids:1
[    0.000000] PERCPU: Embedded 34 pages/cpu @ffff88003fc00000 s98328 r8192 d32744 u1048576
[    0.000000] PV qspinlock hash table entries: 256 (order: 0, 4096 bytes)
[    0.000000] Built 1 zonelists in Node order, mobility grouping on.  Total pages: 257913
[    0.000000] Policy zone: DMA32
[    0.000000] Kernel command line: BOOT_IMAGE=/boot/vmlinuz-4.4.0-101-generic root=LABEL=cloudimg-rootfs ro console=tty1 console=ttyS0
[    0.000000] PID hash table entries: 4096 (order: 3, 32768 bytes)
[    0.000000] Memory: 1001708K/1048120K available (8484K kernel code, 1294K rwdata, 3988K rodata, 1492K init, 1316K bss, 46412K reserved, 0K cma-reserved)
[    0.000000] SLUB: HWalign=64, Order=0-3, MinObjects=0, CPUs=2, Nodes=1
[    0.000000] Hierarchical RCU implementation.
[    0.000000] 	Build-time adjustment of leaf fanout to 64.
[    0.000000] 	RCU restricting CPUs from NR_CPUS=512 to nr_cpu_ids=2.
[    0.000000] RCU: Adjusting geometry for rcu_fanout_leaf=64, nr_cpu_ids=2
[    0.000000] NR_IRQS:33024 nr_irqs:440 16
[    0.000000] Console: colour VGA+ 80x25
[    0.000000] console [tty1] enabled
[    0.000000] console [ttyS0] enabled
[    0.000000] tsc: Detected 2591.998 MHz processor
[    1.899484] Calibrating delay loop (skipped) preset value.. 5183.99 BogoMIPS (lpj=10367992)
[    1.901567] pid_max: default: 32768 minimum: 301
[    1.902736] ACPI: Core revision 20150930
[    1.905196] ACPI: 2 ACPI AML tables successfully acquired and loaded
[    1.915113] Security Framework initialized
[    1.916016] Yama: becoming mindful.
[    1.916903] AppArmor: AppArmor initialized
[    1.918020] Dentry cache hash table entries: 131072 (order: 8, 1048576 bytes)
[    1.927360] Inode-cache hash table entries: 65536 (order: 7, 524288 bytes)
[    1.931763] Mount-cache hash table entries: 2048 (order: 2, 16384 bytes)
[    1.966110] Mountpoint-cache hash table entries: 2048 (order: 2, 16384 bytes)
[    1.967745] Initializing cgroup subsys io
[    1.968767] Initializing cgroup subsys memory
[    1.969867] Initializing cgroup subsys devices
[    1.971038] Initializing cgroup subsys freezer
[    1.980498] Initializing cgroup subsys net_cls
[    1.981598] Initializing cgroup subsys perf_event
[    1.982658] Initializing cgroup subsys net_prio
[    1.983604] Initializing cgroup subsys hugetlb
[    1.984719] Initializing cgroup subsys pids
[    1.985976] CPU: Physical Processor ID: 0
[    1.987143] CPU: Processor Core ID: 0
[    1.989275] mce: CPU supports 0 MCE banks
[    1.990142] Last level iTLB entries: 4KB 64, 2MB 8, 4MB 8
[    1.991173] Last level dTLB entries: 4KB 64, 2MB 0, 4MB 0, 1GB 4
[    1.994294] Freeing SMP alternatives memory: 32K
[    2.005000] ftrace: allocating 32156 entries in 126 pages
[    2.082644] smpboot: APIC(0) Converting physical 0 to logical package 0
[    2.108494] smpboot: Max logical packages: 1
[    2.109920] x2apic enabled
[    2.111059] Switched APIC routing to physical x2apic.
[    2.114019] ..TIMER: vector=0x30 apic1=0 pin1=2 apic2=-1 pin2=-1
[    2.222528] smpboot: CPU0: Intel(R) Core(TM) i7-6500U CPU @ 2.50GHz (family: 0x6, model: 0x4e, stepping: 0x3)
[    2.226392] Performance Events: unsupported p6 CPU model 78 no PMU driver, software events only.
[    2.236567] KVM setup paravirtual spinlock
[    2.238844] x86: Booting SMP configuration:
[    2.240036] .... node  #0, CPUs:      #1
[    2.241123] kvm-clock: cpu 1, msr 0:3ffe3041, secondary cpu clock
[    2.243208] mce: CPU supports 0 MCE banks
[    2.245789] x86: Booted up 1 node, 2 CPUs
[    2.247127] smpboot: Total of 2 processors activated (10367.99 BogoMIPS)
[    2.248952] devtmpfs: initialized
[    2.251750] evm: security.selinux
[    2.265809] evm: security.SMACK64
[    2.266734] evm: security.SMACK64EXEC
[    2.271573] evm: security.SMACK64TRANSMUTE
[    2.274503] evm: security.SMACK64MMAP
[    2.281732] evm: security.ima
[    2.282577] evm: security.capability
[    2.283592] clocksource: jiffies: mask: 0xffffffff max_cycles: 0xffffffff, max_idle_ns: 7645041785100000 ns
[    2.285820] futex hash table entries: 512 (order: 3, 32768 bytes)
[    2.287301] pinctrl core: initialized pinctrl subsystem
[    2.288508] RTC time: 20:29:17, date: 12/05/17
[    2.292869] NET: Registered protocol family 16
[    2.320147] cpuidle: using governor ladder
[    2.364312] cpuidle: using governor menu
[    2.370022] PCCT header not found.
[    2.370919] ACPI: bus type PCI registered
[    2.371726] acpiphp: ACPI Hot Plug PCI Controller Driver version: 0.5
[    2.372873] PCI: Using configuration type 1 for base access
[    2.384657] ACPI: Added _OSI(Module Device)
[    2.387048] ACPI: Added _OSI(Processor Device)
[    2.387997] ACPI: Added _OSI(3.0 _SCP Extensions)
[    2.389150] ACPI: Added _OSI(Processor Aggregator Device)
[    2.391374] ACPI: Executed 1 blocks of module-level executable AML code
[    2.395782] ACPI: Interpreter enabled
[    2.407403] ACPI: (supports S0 S5)
[    2.408309] ACPI: Using IOAPIC for interrupt routing
[    2.409707] PCI: Using host bridge windows from ACPI; if necessary, use "pci=nocrs" and report a bug
[    2.416000] ACPI: PCI Root Bridge [PCI0] (domain 0000 [bus 00-ff])
[    2.429378] acpi PNP0A03:00: _OSC: OS supports [ASPM ClockPM Segments MSI]
[    2.430907] acpi PNP0A03:00: _OSC: not requesting OS control; OS requires [ExtendedConfig ASPM ClockPM MSI]
[    2.433203] acpi PNP0A03:00: fail to add MMCONFIG information, can't access extended PCI configuration space under this bridge.
[    2.446589] PCI host bridge to bus 0000:00
[    2.447596] pci_bus 0000:00: root bus resource [io  0x0000-0x0cf7 window]
[    2.449006] pci_bus 0000:00: root bus resource [io  0x0d00-0xffff window]
[    2.450329] pci_bus 0000:00: root bus resource [mem 0x000a0000-0x000bffff window]
[    2.452108] pci_bus 0000:00: root bus resource [mem 0x40000000-0xffdfffff window]
[    2.453845] pci_bus 0000:00: root bus resource [bus 00-ff]
[    2.456829] pci 0000:00:01.1: legacy IDE quirk: reg 0x10: [io  0x01f0-0x01f7]
[    2.458283] pci 0000:00:01.1: legacy IDE quirk: reg 0x14: [io  0x03f6]
[    2.459539] pci 0000:00:01.1: legacy IDE quirk: reg 0x18: [io  0x0170-0x0177]
[    2.461030] pci 0000:00:01.1: legacy IDE quirk: reg 0x1c: [io  0x0376]
[    2.478348] pci 0000:00:07.0: quirk: [io  0x4000-0x403f] claimed by PIIX4 ACPI
[    2.493647] pci 0000:00:07.0: quirk: [io  0x4100-0x410f] claimed by PIIX4 SMB
[    2.508451] ACPI: PCI Interrupt Link [LNKA] (IRQs 5 9 10 *11)
[    2.528868] ACPI: PCI Interrupt Link [LNKB] (IRQs 5 9 10 *11)
[    2.530532] ACPI: PCI Interrupt Link [LNKC] (IRQs 5 9 *10 11)
[    2.532372] ACPI: PCI Interrupt Link [LNKD] (IRQs 5 *9 10 11)
[    2.533988] ACPI: Enabled 2 GPEs in block 00 to 07
[    2.535698] vgaarb: setting as boot device: PCI:0000:00:02.0
[    2.536836] vgaarb: device added: PCI:0000:00:02.0,decodes=io+mem,owns=io+mem,locks=none
[    2.538480] vgaarb: loaded
[    2.539263] vgaarb: bridge control possible 0000:00:02.0
[    2.540939] SCSI subsystem initialized
[    2.542134] ACPI: bus type USB registered
[    2.543375] usbcore: registered new interface driver usbfs
[    2.544634] usbcore: registered new interface driver hub
[    2.546012] usbcore: registered new device driver usb
[    2.547721] PCI: Using ACPI for IRQ routing
[    2.549056] NetLabel: Initializing
[    2.549892] NetLabel:  domain hash size = 128
[    2.550935] NetLabel:  protocols = UNLABELED CIPSOv4
[    2.552017] NetLabel:  unlabeled traffic allowed by default
[    2.553344] amd_nb: Cannot enumerate AMD northbridges
[    2.554510] clocksource: Switched to clocksource kvm-clock
[    2.569194] AppArmor: AppArmor Filesystem Enabled
[    2.571608] pnp: PnP ACPI init
[    2.585901] pnp: PnP ACPI: found 3 devices
[    2.596515] clocksource: acpi_pm: mask: 0xffffff max_cycles: 0xffffff, max_idle_ns: 2085701024 ns
[    2.684527] NET: Registered protocol family 2
[    2.685729] TCP established hash table entries: 8192 (order: 4, 65536 bytes)
[    2.687084] TCP bind hash table entries: 8192 (order: 5, 131072 bytes)
[    2.688549] TCP: Hash tables configured (established 8192 bind 8192)
[    2.690131] UDP hash table entries: 512 (order: 2, 16384 bytes)
[    2.691568] UDP-Lite hash table entries: 512 (order: 2, 16384 bytes)
[    2.693102] NET: Registered protocol family 1
[    2.694287] pci 0000:00:00.0: Limiting direct PCI/PCI transfers
[    2.695702] pci 0000:00:01.0: Activating ISA DMA hang workarounds
[    2.707810] Unpacking initramfs...
[    4.870561] Freeing initrd memory: 10856K
[    4.877785] platform rtc_cmos: registered platform RTC device (no PNP device found)
[    4.881351] Scanning for low memory corruption every 60 seconds
[    4.883228] audit: initializing netlink subsys (disabled)
[    4.885594] audit: type=2000 audit(1512505763.940:1): initialized
[    4.887366] Initialise system trusted keyring
[    4.888641] HugeTLB registered 2 MB page size, pre-allocated 0 pages
[    4.891269] zbud: loaded
[    4.892193] VFS: Disk quotas dquot_6.6.0
[    4.893104] VFS: Dquot-cache hash table entries: 512 (order 0, 4096 bytes)
[    4.894608] squashfs: version 4.0 (2009/01/31) Phillip Lougher
[    4.896400] fuse init (API version 7.23)
[    4.897352] Key type big_key registered
[    4.898411] Allocating IMA MOK and blacklist keyrings.
[    4.900448] Key type asymmetric registered
[    4.901353] Asymmetric key parser 'x509' registered
[    4.902434] Block layer SCSI generic (bsg) driver version 0.4 loaded (major 249)
[    4.906054] io scheduler noop registered
[    4.906917] io scheduler deadline registered (default)
[    4.907992] io scheduler cfq registered
[    4.915373] pci_hotplug: PCI Hot Plug PCI Core version: 0.5
[    4.917559] pciehp: PCI Express Hot Plug Controller Driver version: 0.4
[    4.918984] ACPI: AC Adapter [AC] (on-line)
[    4.921517] input: Power Button as /devices/LNXSYSTM:00/LNXPWRBN:00/input/input0
[    4.923136] ACPI: Power Button [PWRF]
[    4.924041] input: Sleep Button as /devices/LNXSYSTM:00/LNXSLPBN:00/input/input1
[    4.925619] ACPI: Sleep Button [SLPF]
[    4.926593] GHES: HEST is not enabled!
[    4.928059] ACPI: Battery Slot [BAT0] (battery present)
[    4.929134] Serial: 8250/16550 driver, 32 ports, IRQ sharing enabled
[    4.952309] 00:02: ttyS0 at I/O 0x3f8 (irq = 4, base_baud = 115200) is a 16550A
[    4.956494] Linux agpgart interface v0.103
[    4.958895] loop: module loaded
[    4.963999] scsi host0: ata_piix
[    4.964757] scsi host1: ata_piix
[    4.965432] ata1: PATA max UDMA/33 cmd 0x1f0 ctl 0x3f6 bmdma 0xd000 irq 14
[    4.966498] ata2: PATA max UDMA/33 cmd 0x170 ctl 0x376 bmdma 0xd008 irq 15
[    4.967820] libphy: Fixed MDIO Bus: probed
[    4.970207] tun: Universal TUN/TAP device driver, 1.6
[    4.971238] tun: (C) 1999-2004 Max Krasnyansky <maxk@qualcomm.com>
[    4.972524] PPP generic driver version 2.4.2
[    4.999989] ehci_hcd: USB 2.0 'Enhanced' Host Controller (EHCI) Driver
[    5.041302] ehci-pci: EHCI PCI platform driver
[    5.044167] ehci-platform: EHCI generic platform driver
[    5.052010] ohci_hcd: USB 1.1 'Open' Host Controller (OHCI) Driver
[    5.063256] ohci-pci: OHCI PCI platform driver
[    5.064239] ohci-platform: OHCI generic platform driver
[    5.065279] uhci_hcd: USB Universal Host Controller Interface driver
[    5.067631] i8042: PNP: PS/2 Controller [PNP0303:PS2K,PNP0f03:PS2M] at 0x60,0x64 irq 1,12
[    5.071981] serio: i8042 KBD port at 0x60,0x64 irq 1
[    5.079644] serio: i8042 AUX port at 0x60,0x64 irq 12
[    5.083871] mousedev: PS/2 mouse device common for all mice
[    5.087239] rtc_cmos rtc_cmos: rtc core: registered rtc_cmos as rtc0
[    5.096479] rtc_cmos rtc_cmos: alarms up to one day, 114 bytes nvram
[    5.128348] input: AT Translated Set 2 keyboard as /devices/platform/i8042/serio0/input/input2
[    5.133347] i2c /dev entries driver
[    5.134285] device-mapper: uevent: version 1.0.3
[    5.136725] device-mapper: ioctl: 4.34.0-ioctl (2015-10-28) initialised: dm-devel@redhat.com
[    5.138527] ledtrig-cpu: registered to indicate activity on CPUs
[    5.140341] NET: Registered protocol family 10
[    5.143583] NET: Registered protocol family 17
[    5.144563] Key type dns_resolver registered
[    5.145697] microcode: CPU0 sig=0x406e3, pf=0x2, revision=0x0
[    5.151005] microcode: CPU1 sig=0x406e3, pf=0x2, revision=0x0
[    5.152214] microcode: Microcode Update Driver: v2.01 <tigran@aivazian.fsnet.co.uk>, Peter Oruba
[    5.166142] registered taskstats version 1
[    5.167095] Loading compiled-in X.509 certificates
[    5.168657] Loaded X.509 cert 'Build time autogenerated kernel key: f91c6829a34a801956ec6287af569c0a1f1f8d39'
[    5.205898] zswap: loaded using pool lzo/zbud
[    5.252192] Key type trusted registered
[    5.285162] Key type encrypted registered
[    5.335275] AppArmor: AppArmor sha1 policy hashing enabled
[    5.380663] ima: No TPM chip found, activating TPM-bypass!
[    5.406976] evm: HMAC attrs: 0x1
[    5.4255]   Magic number: 13:460:497
[    5.517873] rtc_cmos rtc_cmos: setting system clock to 2017-12-05 20:29:21 UTC (1512505761)
[    5.541812] BIOS EDD facility v0.16 2004-Jun-25, 0 devices found
[    5.601424] EDD information not available.
[    5.603694] Freeing unused kernel memory: 1492K
[    5.654181] Write protecting the kernel read-only data: 14336k
[    5.687224] Freeing unused kernel memory: 1744K
[    5.753539] Freeing unused kernel memory: 108K
Loading, please wait...
starting version[    5.780667] random: systemd-udevd: uninitialized urandom read (16 bytes read, 3 bits of entropy available)
 229
[    5.781114] random: udevadm: uninitialized urandom read (16 bytes read, 3 bits of entropy available)
[    5.781130] random: udevadm: uninitialized urandom read (16 bytes read, 3 bits of entropy available)
[    5.786902] random: udevadm: uninitialized urandom read (16 bytes read, 3 bits of entropy available)
[    5.786931] random: udevadm: uninitialized urandom read (16 bytes read, 3 bits of entropy available)
[    5.787020] random: udevadm: uninitialized urandom read (16 bytes read, 3 bits of entropy available)
[    5.787053] random: udevadm: uninitialized urandom read (16 bytes read, 3 bits of entropy available)
[    5.787087] random: udevadm: uninitialized urandom read (16 bytes read, 3 bits of entropy available)
[    5.787120] random: udevadm: uninitialized urandom read (16 bytes read, 3 bits of entropy available)
[    5.787151] random: udevadm: uninitialized urandom read (16 bytes read, 3 bits of entropy available)
[    5.926586] tsc: Refined TSC clocksource calibration: 2593.518 MHz
[    5.926589] clocksource: tsc: mask: 0xffffffffffffffff max_cycles: 0x256250b768e, max_idle_ns: 440795247650 ns
[    6.135796] e1000: Intel(R) PRO/1000 Network Driver - version 7.3.21-k8-NAPI
[    6.143958] e1000: Copyright (c) 1999-2006 Intel Corporation.
[    6.149534] Fusion MPT base driver 3.04.20
[    6.156790] Copyright (c) 1999-2008 LSI Corporation
[    6.161674] Fusion MPT SPI Host driver 3.04.20
[    6.181799] AVX version of gcm_enc/dec engaged.
[    6.189180] AES CTR mode by8 optimization enabled
[    6.390788] input: ImExPS/2 Generic Explorer Mouse as /devices/platform/i8042/serio1/input/input4
[    6.515027] e1000 0000:00:03.0 eth0: (PCI:33MHz:32-bit) 02:44:03:e3:22:ab
[    6.526620] e1000 0000:00:03.0 eth0: Intel(R) PRO/1000 Network Connection
[    6.907417] e1000 0000:00:08.0 eth1: (PCI:33MHz:32-bit) 08:00:27:37:b3:4f
[    6.958951] e1000 0000:00:08.0 eth1: Intel(R) PRO/1000 Network Connection
[    7.024378] mptbase: ioc0: Initiating bringup
[    7.024523] e1000 0000:00:03.0 enp0s3: renamed from eth0
[    7.101000] e1000 0000:00:08.0 enp0s8: renamed from eth1
[    7.155850] ioc0: LSI53C1030 A0: Capabilities={Initiator}
[    7.356197] scsi host2: ioc0: LSI53C1030 A0, FwRev=00000000h, Ports=1, MaxQ=256, IRQ=20
[    7.655929] scsi 2:0:0:0: Direct-Access     VBOX     HARDDISK         1.0  PQ: 0 ANSI: 5
[    7.731030] scsi target2:0:0: Beginning Domain Validation
[    7.785998] scsi target2:0:0: Domain Validation skipping write tests
[    7.850516] scsi target2:0:0: Ending Domain Validation
[    7.893798] scsi target2:0:0: asynchronous
[    7.986822] scsi 2:0:1:0: Direct-Access     VBOX     HARDDISK         1.0  PQ: 0 ANSI: 5
[    8.036970] scsi target2:0:1: Beginning Domain Validation
[    8.051818] scsi target2:0:1: Domain Validation skipping write tests
[    8.092164] scsi target2:0:1: Ending Domain Validation
[    8.167783] scsi target2:0:1: asynchronous
[    8.192047] sd 2:0:0:0: [sda] 20971520 512-byte logical blocks: (10.7 GB/10.0 GiB)
[    8.208915] sd 2:0:0:0: Attached scsi generic sg0 type 0
[    8.236510] sd 2:0:0:0: [sda] Write Protect is off
[    8.247969] sd 2:0:0:0: [sda] Incomplete mode parameter data
[    8.248501] sd 2:0:1:0: Attached scsi generic sg1 type 0
[    8.254446] sd 2:0:0:0: [sda] Assuming drive cache: write through
[    8.262340] sd 2:0:1:0: [sdb] 20480 512-byte logical blocks: (10.5 MB/10.0 MiB)
[    8.276641] sd 2:0:1:0: [sdb] Write Protect is off
[    8.277025]  sda: sda1
[    8.284631] sd 2:0:1:0: [sdb] Incomplete mode parameter data
[    8.284858] sd 2:0:0:0: [sda] Attached SCSI disk
[    8.291207] sd 2:0:1:0: [sdb] Assuming drive cache: write through
[    8.298070] sd 2:0:1:0: [sdb] Attached SCSI disk
[    9.155487] floppy0: no floppy controllers found
Begin: Loading essential drivers[   10.551001] md: linear personality registered for level -1
 ... [   10.578424] md: multipath personality registered for level -4
[   10.602474] md: raid0 personality registered for level 0
[   10.623779] md: raid1 personality registered for level 1
[   10.702588] raid6: sse2x1   gen()  8236 MB/s
[   10.806619] raid6: sse2x1   xor()  5073 MB/s
[   10.922949] raid6: sse2x2   gen()  9923 MB/s
[   11.018553] raid6: sse2x2   xor()  6092 MB/s
[   11.098524] raid6: sse2x4   gen()  8153 MB/s
[   11.166767] raid6: sse2x4   xor()  5617 MB/s
[   11.175457] raid6: using algorithm sse2x2 gen() 9923 MB/s
[   11.176531] raid6: .... xor() 6092 MB/s, rmw enabled
[   11.177519] raid6: using ssse3x2 recovery algorithm
[   11.179991] xor: automatically using best checksumming function:
[   11.218754]    avx       : 15763.000 MB/sec
[   11.240069] async_tx: api initialized (async)
[   11.255242] md: raid6 personality registered for level 6
[   11.263130] md: raid5 personality registered for level 5
[   11.264334] md: raid4 personality registered for level 4
[   11.272719] md: raid10 personality registered for level 10
done.
Begin: Running /scripts/init-premount ... done.
Begin: Mounting root file system ... Begin: Running /scripts/local-top ... done.
Begin: Running /scripts/local-premount ... [   11.331511] Btrfs loaded
Scanning for Btrfs filesystems
done.
Warning: fsck not present, so skipping root file[   11.374906] EXT4-fs (sda1): mounted filesystem with ordered data mode. Opts: (null)
 system
done.
Begin: Running /scripts/local-bottom ... done.
Begin: Running /scripts/init-bottom ... done.
[   11.489127] systemd[1]: systemd 229 running in system mode. (+PAM +AUDIT +SELINUX +IMA +APPARMOR +SMACK +SYSVINIT +UTMP +LIBCRYPTSETUP +GCRYPT +GNUTLS +ACL +XZ -LZ4 +SECCOMP +BLKID +ELFUTILS +KMOD -IDN)
[   11.495199] systemd[1]: Detected virtualization oracle.
[   11.496500] systemd[1]: Detected architecture x86-64.

Welcome to [1mUbuntu 16.04.3 LTS[0m!

[   11.512068] systemd[1]: Set hostname to <ubuntu-xenial>.
[   11.668057] systemd[1]: Listening on udev Control Socket.
[[0;32m  OK  [0m] Listening on udev Control Socket.
[   11.691103] systemd[1]: Listening on Journal Socket.
[[0;32m  OK  [0m] Listening on Journal Socket.
[   11.701216] systemd[1]: Created slice System Slice.
[[0;32m  OK  [0m] Created slice System Slice.
[   11.719376] systemd[1]: Mounting Huge Pages File System...
         Mounting Huge Pages File System...
[   11.727346] systemd[1]: Starting Uncomplicated firewall...
         Starting Uncomplicated firewall...
[   11.734529] systemd[1]: Started Trigger resolvconf update for networkd DNS.
[[0;32m  OK  [0m] Started Trigger resolvconf update for networkd DNS.
[   11.740645] systemd[1]: Mounting Debug File System...
         Mounting Debug File System...
[   11.750905] systemd[1]: Listening on Journal Audit Socket.
[[0;32m  OK  [0m] Listening on Journal Audit Socket.
[   11.762961] systemd[1]: Created slice User and Session Slice.
[[0;32m  OK  [0m] Created slice User and Session Slice.
[   11.783244] systemd[1]: Starting Remount Root and Kernel File Systems...
[   11.787675] EXT4-fs (sda1): re-mounted. Opts: (null)
         Starting Remount Root and Kernel File Systems...
[   11.798312] systemd[1]: Listening on LVM2 poll daemon socket.
[[0;32m  OK  [0m] Listening on LVM2 poll daemon socket.
[   11.802887] systemd[1]: Starting Load Kernel Modules...
         Starting Load Kernel Modules...
[   11.815441] Loading iSCSI transport class v2.0-870.
[   11.823689] systemd[1]: Listening on /dev/initctl Compatibility Named Pipe.
[[0;32m  OK  [0m] Listening on /dev/initctl Compatibility Named Pipe.
[   11.829743] systemd[1]: Reached target Encrypted Volumes.
[   11.831126] iscsi: registered transport (tcp)
[[0;32m  OK  [0m] Reached target Encrypted Volumes.
[   11.835808] systemd[1]: Set up automount Arbitrary Executable File Formats File System Automount Point.
[[0;32m  OK  [0m] Set up automount Arbitrary Executab...ats File System Automount Point.
[   11.844506] systemd[1]: Created slice system-serial\x2dgetty.slice.
[[0;32m  OK  [0m] Created slice system-serial\x2dgetty.slice.
[   11.848520] systemd[1]: Listening on LVM2 metadata daemon socket.
[[0;32m  OK  [0m] Listening on LVM2 metadata daemon socket.
[   11.864510] iscsi: registered transport (iser)
[   11.936650] systemd[1]: Listening on Syslog Socket.
[[0;32m  OK  [0m] Listening on Syslog Socket.
[   11.939319] systemd[1]: Listening on udev Kernel Socket.
[[0;32m  OK  [0m] Listening on udev Kernel Socket.
[   11.953083] systemd[1]: Listening on Journal Socket (/dev/log).
[[0;32m  OK  [0m] Listening on Journal Socket (/dev/log).
[   11.966788] systemd[1]: Starting Journal Service...
         Starting Journal Service...
[   11.990912] systemd[1]: Reached target Slices.
[[0;32m  OK  [0m] Reached target Slices.
[   12.026664] systemd[1]: Mounting POSIX Message Queue File System...
         Mounting POSIX Message Queue File System...
[   12.037392] systemd[1]: Listening on Device-mapper event daemon FIFOs.
[[0;32m  OK  [0m] Listening on Device-mapper event daemon FIFOs.
[   12.082648] systemd[1]: Starting Monitoring of LVM2 mirrors, snapshots etc. using dmeventd or progress polling...
         Starting Monitoring of LVM2 mirrors... dmeventd or progress polling...
[   12.096652] systemd[1]: Started Forward Password Requests to Wall Directory Watch.
[[0;32m  OK  [0m] Started Forward Password Requests to Wall Directory Watch.
[   12.130703] systemd[1]: Starting Set console keymap...
         Starting Set console keymap...
[   12.140083] systemd[1]: Reached target Swap.
[[0;32m  OK  [0m] Reached target Swap.
[   12.145318] systemd[1]: Starting Nameserver information manager...
         Starting Nameserver information manager...
[   12.151390] systemd[1]: Reached target User and Group Name Lookups.
[[0;32m  OK  [0m] Reached target User and Group Name Lookups.
[   12.156312] systemd[1]: Starting Create list of required static device nodes for the current kernel...
         Starting Create list of required st... nodes for the current kernel...
[   12.164932] systemd[1]: Mounted POSIX Message Queue File System.
[[0;32m  OK  [0m] Mounted POSIX Message Queue File System.
[   12.179935] systemd[1]: Mounted Debug File System.
[[0;32m  OK  [0m] Mounted Debug File System.
[   12.182154] systemd[1]: Mounted Huge Pages File System.
[[0;32m  OK  [0m] Mounted Huge Pages File System.
[   12.184806] systemd[1]: Started Journal Service.
[[0;32m  OK  [0m] Started Journal Service.
[[0;32m  OK  [0m] Started Uncomplicated firewall.
[[0;32m  OK  [0m] Started Remount Root and Kernel File Systems.
[[0;32m  OK  [0m] Started Load Kernel Modules.
[[0;32m  OK  [0m] Started Set console keymap.
[[0;32m  OK  [0m] Started Create list of required sta...ce nodes for the current kernel.
[[0;32m  OK  [0m] Started Nameserver informati[   12.237787] random: nonblocking pool is initialized
on manager.
[[0;32m  OK  [0m] Started LVM2 metadata daemon.
         Starting Create Static Device Nodes in /dev...
         Mounting FUSE Control File System...
         Starting Apply Kernel Variables...
         Starting Load/Save Random Seed...
         Starting udev Coldplug all Devices...
         Starting Initial cloud-init job (pre-networking)...
         Starting Flush Journal to Persistent Storage...
[[0;32m  OK  [0m] Mounted FUSE Control File System.
[[0;32m  OK  [0m] Started Create Static Device Nodes in /dev.
[[0;32m  OK  [0m] Started Apply Kernel Variables.
[[0;32m  OK  [0m] Started Load/Save Random Seed.
         Starting udev Kernel Device Manager...
[[0;32m  OK  [0m] Started Flush Journal to Persistent Storage.
[[0;32m  OK  [0m] Started udev Coldplug all Devices.
[[0;32m  OK  [0m] Started udev Kernel Device Manager.
[[0;32m  OK  [0m] Started Dispatch Password Requests to Console Directory Watch.
[[0;32m  OK  [0m] Started Monitoring of LVM2 mirrors,...ng dmeventd or progress polling.
[[0;32m  OK  [0m] Reached target Local File Systems (Pre).
[[0;32m  OK  [0m] Reached target Local File Systems.
         Starting LSB: AppArmor initialization...
         Starting Tell Plymouth To Write Out Runtime Data...
         Starting Set console font and keymap...
         Starting Create Volatile Files and Directories...
[[0;32m  OK  [0m] Started Tell Plymouth To Write Out Runtime Data.
[[0;32m  OK  [0m] Started Create Volatile Files and Directories.
[[0;32m  OK  [0m] Found device /dev/ttyS0.
         Starting Update UTMP about System Boot/Shutdown...
[[0;32m  OK  [0m] Reached target System Time Synchronized.
[[0;32m  OK  [0m] Started LSB: AppArmor initialization.
[[0;32m  OK  [0m] Started Update UTMP about System Boot/Shutdown.
[[0;32m  OK  [0m] Listening on Load/Save RF Kill Switch Status /dev/rfkill Watch.
[[0;32m  OK  [0m] Found device 82540EM Gigabit Ethern...r (PRO/1000 MT Desktop Adapter).
[[0;32m  OK  [0m] Started Set console font and keymap.
[   11.756478] cloud-init[455]: Cloud-init v. 17.1 running 'init-local' at Tue, 05 Dec 2017 20:29:29 +0000. Up 11.30 seconds.
[[0;32m  OK  [0m] Found device 82540EM Gigabit Ethern...r (PRO/1000 MT Desktop Adapter).
[[0;32m  OK  [0m] Created slice system-getty.slice.
[[0;32m  OK  [0m] Started Initial cloud-init job (pre-networking).
[[0;32m  OK  [0m] Reached target Network (Pre).
         Starting Raise network interfaces...
[[0;32m  OK  [0m] Started ifup for enp0s8.
[[0;32m  OK  [0m] Started ifup for enp0s3.
[[0;32m  OK  [0m] Started Raise network interfaces.
[[0;32m  OK  [0m] Reached target Network.
         Starting Initial cloud-init job (metadata service crawler)...
[   14.291311] cloud-init[1053]: Cloud-init v. 17.1 running 'init' at Tue, 05 Dec 2017 20:29:32 +0000. Up 14.00 seconds.
[   14.440522] cloud-init[1053]: ci-info: ++++++++++++++++++++++++++++++++++++++Net device info++++++++++++++++++++++++++++++++++++++
[   14.440746] cloud-init[1053]: ci-info: +--------+------+-----------------------------+---------------+-------+-------------------+
[[0;32m  OK  [0m] Started Initial cloud-init job (metadata service crawler).
[   14.440892] cloud-init[1053]: ci-info: | Device |  Up  |           Address           |      Mask     | Scope |     Hw-Address    |
[   14.576837] cloud-init[1053]: ci-info: +--------+------+-----------------------------+---------------+-------+-------------------+
[   14.577167] cloud-init[1053]: ci-info: | enp0s3 | True |          10.0.2.15          | 255.255.255.0 |   .   | 02:44:03:e3:22:ab |
[[0;32m  OK  [0m] Reached target Network is Online.
[   14.577320] cloud-init[1053]: ci-info: | enp0s3 | True |  fe80::44:3ff:fee3:22ab/64  |       .       |  link | 02:44:03:e3:22:ab |
[   14.788493] cloud-init[1053]: ci-info: | enp0s8 | True |        192.168.33.30        | 255.255.255.0 |   .   | 08:00:27:37:b3:4f |
[   14.789030] cloud-init[1053]: ci-info: | enp0s8 | True | fe80::a00:27ff:fe37:b34f/64 |       .       |  link | 08:00:27:37:b3:4f |
         Starting iSCSI initiator daemon (iscsid)...
[   14.789216] cloud-init[1053]: ci-info: |   lo   | True |          127.0.0.1          |   255.0.0.0   |   .   |         .         |
[   14.904781] cloud-init[1053]: ci-info: |   lo   | True |           ::1/128           |       .       |  host |         .         |
[[0;32m  OK  [0m] Reached target System Initialization.
[[   14.904949] cloud-init[1053]: ci-info: +--------+------+-----------------------------+---------------+-------+-------------------+
[   14.988850] cloud-init[1053]: ci-info: ++++++++++++++++++++++++++++Route IPv4 info++++++++++++++++++++++++++++
[   14.988965] cloud-init[1053]: ci-info: +-------+--------------+----------+---------------+-----------+-------+
[   14.989112] cloud-init[1053]: ci-info: | Route | Destination  | Gateway  |    Genmask    | Interface | Flags |
[   14.989280] cloud-init[1053]: ci-info: +-------+--------------+----------+---------------+-----------+-------+
[   14.989421] cloud-init[1053]: ci-info: |   0   |   0.0.0.0    | 10.0.2.2 |    0.0.0.0    |   enp0s3  |   UG  |
[   14.989574] cloud-init[1053]: ci-info: |   1   |   10.0.2.0   | 0.0.0.0  | 255.255.255.0 |   enp0s3  |   U   |
[   14.989729] cloud-init[1053]: ci-info: |   2   | 192.168.33.0 | 0.0.0.0  | 255.255.255.0 |   enp0s8  |   U   |
[   14.989882] cloud-init[1053]: ci-info: +-------+--------------+----------+---------------+-----------+-------+
[0;32m  OK  [0m] Listening on ACPID Listen Socket.
[[0;32m  OK  [0m] Listening on UUID daemon activation socket.
         Starting LXD - unix socket.
[[0;32m  OK  [0m] Started Daily Cleanup of Temporary Directories.
         Starting Socket activation for snappy daemon.
[[0;32m  OK  [0m] Listening on D-Bus System Message Bus Socket.
[[0;32m  OK  [0m] Started Timer to automatically refresh installed snaps.
[[0;32m  OK  [0m] Started Daily apt download activities.
[[0;32m  OK  [0m] Started Daily apt upgrade and clean activities.
[[0;32m  OK  [0m] Started ACPI Events Check.
[[0;32m  OK  [0m] Reached target Paths.
[[0;32m  OK  [0m] Reached target Timers.
[[0;32m  OK  [0m] Reached target Cloud-config availability.
[[0;32m  OK  [0m] Listening on LXD - unix socket.
[[0;32m  OK  [0m] Listening on Socket activation for snappy daemon.
[[0;32m  OK  [0m] Started iSCSI initiator daemon (iscsid).
         Starting Login to default iSCSI targets...
[[0;32m  OK  [0m] Reached target Sockets.
[[0;32m  OK  [0m] Reached target Basic System.
[[0;32m  OK  [0m] Started Regular background program processing daemon.
[[0;32m  OK  [0m] Started D-Bus System Message Bus.
         Starting Login Service...
[[0;32m  OK  [0m] Started Unattended Upgrades Shutdown.
         Starting Apply the settings specified in cloud-config...
         Starting OpenBSD Secure Shell server...
         Starting LXD - container startup/shutdown...
         Starting LSB: MD monitoring daemon...
         Starting System Logging Service...
         Starting Accounts Service...
[[0;32m  OK  [0m] Started ACPI event daemon.
[[0;32m  OK  [0m] Started Deferred execution scheduler.
         Starting LSB: Record successful boot for GRUB...
         Starting /etc/rc.local Compatibility...
[[0;32m  OK  [0m] Started FUSE filesystem for LXC.
         Starting Snappy daemon...
[[0;32m  OK  [0m] Started OpenBSD Secure Shell server.
[[0;32m  OK  [0m] Started System Logging Service.
[[0;32m  OK  [0m] Started LXD - container startup/shutdown.
[[0;32m  OK  [0m] Started /etc/rc.local Compatibility.
[[0;32m  OK  [0m] Started Login to default iSCSI targets.
[[0;32m  OK  [0m] Started LSB: MD monitoring daemon.
[   16.392517] cloud-init[1121]: Cloud-init v. 17.1 running 'modules:config' at Tue, 05 Dec 2017 20:29:34 +0000. Up 16.17 seconds.
[[0;32m  OK  [0m] Started LSB: Record successful boot for GRUB.
[[0;32m  OK  [0m] Started Login Service.
         Starting Authenticate and Authorize Users to Run Privileged Tasks...
[[0;32m  OK  [0m] Reached target Remote File Systems (Pre).
[[0;32m  OK  [0m] Reached target Remote File Systems.
         Starting LSB: VirtualBox Linux Additions...
         Starting Permit User Sessions...
         Starting LSB: automatic crash report generation...
         Starting LSB: Apache2 web server...
         Starting LSB: daemon to balance interrupts for SMP systems...
         Starting LSB: Set the CPU Frequency Scaling governor to "ondemand"...
[[0;32m  OK  [0m] Started Snappy daemon.
[[0;32m  OK  [0m] Started Apply the settings specified in cloud-config.
[[0;32m  OK  [0m] Started Permit User Sessions.
[[0;32m  OK  [0m] Started Authenticate and Authorize Users to Run Privileged Tasks.
[[0;32m  OK  [0m] Started Accounts Service.
         Starting Hold until boot process finishes up...
         Starting Terminate Plymouth Boot Screen...
[[0;32m  OK  [0m] Started LSB: automatic crash report generation.
[[0;32m  OK  [0m] Started LSB: Set the CPU Frequency Scaling governor to "ondemand".
[[0;32m  OK  [0m] Started LSB: daemon to balance interrupts for SMP systems.
[[0;32m  OK  [0m] Started LSB: VirtualBox Linux Additions.
[[0;32m  OK  [0m] Started Hold until boot process finishes up.
[[0;32m  OK  [0m] Started Terminate Plymouth Boot Screen.
[[0;32m  OK  [0m] Created slice User Slice of ubuntu.
[[0;32m  OK  [0m] Started Session 1 of user ubuntu.
         Starting User Manager for UID 1000...
[[0;32m  OK  [0m] Started Serial Getty on ttyS0.
         Starting Set console scheme...
[[0;32m  OK  [0m] Started Getty on tty1.
[[0;32m  OK  [0m] Reached target Login Prompts.
[[0;32m  OK  [0m] Started User Manager for UID 1000.
[[0;32m  OK  [0m] Started Set console scheme.
[[0;32m  OK  [0m] Started LSB: Apache2 web server.
[[0;32m  OK  [0m] Reached target Multi-User System.
         Starting Execute cloud user/final scripts...
[[0;32m  OK  [0m] Reached target Graphical Interface.
         Starting Update UTMP about System Runlevel Changes...
[[0;32m  OK  [0m] Started Update UTMP about System Runlevel Changes.
[   18.293754] cloud-init[1494]: Cloud-init v. 17.1 running 'modules:final' at Tue, 05 Dec 2017 20:29:36 +0000. Up 18.16 seconds.
[   18.360344] cloud-init[1494]: Cloud-init v. 17.1 finished at Tue, 05 Dec 2017 20:29:36 +0000. Datasource DataSourceNoCloud [seed=/dev/sdb][dsmode=net].  Up 18.28 seconds
[[0;32m  OK  [0m] Started Execute cloud user/final scripts.
[[0;32m  OK  [0m] Reached target Cloud-init target.

Ubuntu 16.04.3 LTS ubuntu-xenial ttyS0

ubuntu-xenial login: 